#
# A fatal error has been detected by the Java Runtime Environment:
#
#  SIGSEGV (0xb) at pc=0x00007fbf1d226ef9, pid=28692, tid=140458566018816
#
# JRE version: OpenJDK Runtime Environment (7.0_101) (build 1.7.0_101-b00)
# Java VM: OpenJDK 64-Bit Server VM (24.95-b01 mixed mode linux-amd64 compressed oops)
# Derivative: IcedTea 2.6.6
# Distribution: Ubuntu 14.04 LTS, package 7u101-2.6.6-0ubuntu0.14.04.1
# Problematic frame:
# J 821 C2 com.esotericsoftware.kryo.serializers.MapSerializer.write(Lcom/esotericsoftware/kryo/Kryo;Lcom/esotericsoftware/kryo/io/Output;Ljava/util/Map;)V (237 bytes) @ 0x00007fbf1d226ef9 [0x00007fbf1d226b00+0x3f9]
#
# Failed to write core dump. Core dumps have been disabled. To enable core dumping, try "ulimit -c unlimited" before starting Java again
#
# If you would like to submit a bug report, please include
# instructions on how to reproduce the bug and visit:
#   http://icedtea.classpath.org/bugzilla
#

---------------  T H R E A D  ---------------

Current thread (0x00007fbeac007800):  JavaThread "3/Cooccurrences:MyCounter" [_thread_in_Java, id=28796, stack(0x00007fbf0edee000,0x00007fbf0eeef000)]

siginfo:si_signo=SIGSEGV: si_errno=0, si_code=1 (SEGV_MAPERR), si_addr=0x0000000000000028

Registers:
RAX=0x0000000000000001, RBX=0x0000000000000000, RCX=0x00007fbf20615000, RDX=0x00000007ddc95f18
RSP=0x00007fbf0eeed4a0, RBP=0x00000000ef566444, RSI=0x00007fbf20615000, RDI=0x0000000003eee4af
R8 =0x000000078593f7c8, R9 =0x0000000000000000, R10=0x0000000000000000, R11=0x0000000003eee4af
R12=0x0000000000000000, R13=0x000000079b9573d0, R14=0x0000000000400000, R15=0x00007fbeac007800
RIP=0x00007fbf1d226ef9, EFLAGS=0x0000000000010207, CSGSFS=0x0000000000000033, ERR=0x0000000000000004
  TRAPNO=0x000000000000000e

Top of Stack: (sp=0x00007fbf0eeed4a0)
0x00007fbf0eeed4a0:   000000079b9573d0 000000078593f7c8
0x00007fbf0eeed4b0:   0000000000000000 0000000785940880
0x00007fbf0eeed4c0:   00000007ddc95f18 00000007db6a41b8
0x00007fbf0eeed4d0:   0000000785580f90 00000007859407f8
0x00007fbf0eeed4e0:   00007fbf00000000 001bd4ab1d1295df
0x00007fbf0eeed4f0:   00007fbf0eeed568 00007fbf1d006170
0x00007fbf0eeed500:   00007fbf1d006170 00000007d86bffa8
0x00007fbf0eeed510:   0000000785940880 000000078593f7c8
0x00007fbf0eeed520:   000000079b9573d0 00007fbf0eeed528
0x00007fbf0eeed530:   000000077b512fbf 00007fbf0eeed590
0x00007fbf0eeed540:   000000077b540340 0000000000000000
0x00007fbf0eeed550:   000000077b513000 00007fbf0eeed508
0x00007fbf0eeed560:   00007fbf0eeed5a0 0000000000000000
0x00007fbf0eeed570:   00007fbf1d1b9164 00000007d86bffa8
0x00007fbf0eeed580:   0000000785940880 000000078593f7c8
0x00007fbf0eeed590:   000000079b9573d0 00007fbf1d1b9164
0x00007fbf0eeed5a0:   000000078593f7c8 00007fbf266b34e0
0x00007fbf0eeed5b0:   00000007d86bffa8 0000000785940880
0x00007fbf0eeed5c0:   000000079b9573b0 00007fbeac0081b8
0x00007fbf0eeed5d0:   0000000785580f90 000000078593fe60
0x00007fbf0eeed5e0:   00000007ddc0bb40 00007fbeac0081b8
0x00007fbf0eeed5f0:   00007fbf0eeed668 00007fbf1d006170
0x00007fbf0eeed600:   00007fbf0eeed668 00007fbf1d006170
0x00007fbf0eeed610:   00000007d86bffa8 0000000785940880
0x00007fbf0eeed620:   000000078593f7c8 00007fbf0eeed628
0x00007fbf0eeed630:   000000077bbed946 00007fbf0eeed698
0x00007fbf0eeed640:   000000077bbee648 000000077bcf1678
0x00007fbf0eeed650:   000000077bbeda28 00007fbf0eeed610
0x00007fbf0eeed660:   00007fbf0eeed690 00007fbf0eeed6e0
0x00007fbf0eeed670:   00007fbf1d006ab7 0000000000000000
0x00007fbf0eeed680:   0000000000000000 00000007ddc95ef0
0x00007fbf0eeed690:   00000007d86bffa8 000000078593f7c8 

Instructions: (pc=0x00007fbf1d226ef9)
0x00007fbf1d226ed9:   89 73 18 4f 8d 14 f4 49 c1 eb 09 48 b9 00 50 61
0x00007fbf1d226ee9:   20 bf 7f 00 00 46 88 24 19 4d 8b f2 45 8b 52 08
0x00007fbf1d226ef9:   4f 8b 5c d4 28 48 b9 48 d7 ae 7a 07 00 00 00 4c
0x00007fbf1d226f09:   3b d9 0f 85 3a 02 00 00 41 81 fa e5 5d 56 ef 0f 

Register to memory mapping:

RAX=0x0000000000000001 is an unknown value
RBX=0x0000000000000000 is an unknown value
RCX=0x00007fbf20615000 is an unknown value
RDX=0x00000007ddc95f18 is an oop
java.util.HashMap$EntryIterator 
 - klass: 'java/util/HashMap$EntryIterator'
RSP=0x00007fbf0eeed4a0 is pointing into the stack for thread: 0x00007fbeac007800
RBP=0x00000000ef566444 is an unknown value
RSI=0x00007fbf20615000 is an unknown value
RDI=0x0000000003eee4af is an unknown value
R8 =0x000000078593f7c8 is an oop
com.datatorrent.stram.codec.DefaultStatefulStreamCodec 
 - klass: 'com/datatorrent/stram/codec/DefaultStatefulStreamCodec'
R9 =0x0000000000000000 is an unknown value
R10=0x0000000000000000 is an unknown value
R11=0x0000000003eee4af is an unknown value
R12=0x0000000000000000 is an unknown value
R13=0x000000079b9573d0 is an oop
com.esotericsoftware.kryo.serializers.MapSerializer 
 - klass: 'com/esotericsoftware/kryo/serializers/MapSerializer'
R14=0x0000000000400000: <offset 0> in /usr/lib/jvm/java-1.7.0-openjdk-amd64/bin/java at 0x0000000000400000
R15=0x00007fbeac007800 is a thread


Stack: [0x00007fbf0edee000,0x00007fbf0eeef000],  sp=0x00007fbf0eeed4a0,  free space=1021k
Native frames: (J=compiled Java code, j=interpreted, Vv=VM code, C=native code)
J 821 C2 com.esotericsoftware.kryo.serializers.MapSerializer.write(Lcom/esotericsoftware/kryo/Kryo;Lcom/esotericsoftware/kryo/io/Output;Ljava/util/Map;)V (237 bytes) @ 0x00007fbf1d226ef9 [0x00007fbf1d226b00+0x3f9]
j  com.esotericsoftware.kryo.serializers.MapSerializer.write(Lcom/esotericsoftware/kryo/Kryo;Lcom/esotericsoftware/kryo/io/Output;Ljava/lang/Object;)V+7
J 802 C2 com.esotericsoftware.kryo.Kryo.writeClassAndObject(Lcom/esotericsoftware/kryo/io/Output;Ljava/lang/Object;)V (212 bytes) @ 0x00007fbf1d1b9164 [0x00007fbf1d1b8fe0+0x184]
j  com.datatorrent.stram.codec.DefaultStatefulStreamCodec.toDataStatePair(Ljava/lang/Object;)Lcom/datatorrent/stram/codec/StatefulStreamCodec$DataStatePair;+22
j  com.datatorrent.stram.stream.BufferServerPublisher.put(Ljava/lang/Object;)V+212
J 701 C2 com.datatorrent.lib.algo.UniqueCounter.endWindow()V (99 bytes) @ 0x00007fbf1d1ecbb8 [0x00007fbf1d1ec580+0x638]
j  com.wikipedia.MyCounter.endWindow()V+32
j  com.datatorrent.stram.engine.GenericNode.processEndWindow(Lcom/datatorrent/stram/tuple/Tuple;)V+27
j  com.datatorrent.stram.engine.GenericNode.run()V+851
j  com.datatorrent.stram.engine.StreamingContainer$2.run()V+149
v  ~StubRoutines::call_stub
V  [libjvm.so+0x5ef089]
V  [libjvm.so+0x5edede]
V  [libjvm.so+0x62aa71]
V  [libjvm.so+0x9085f0]
V  [libjvm.so+0x908861]
V  [libjvm.so+0x7cdb62]


---------------  P R O C E S S  ---------------

Java Threads: ( => current thread )
  0x00007fbe9801c000 JavaThread "process reaper" daemon [_thread_blocked, id=28891, stack(0x00007fbf0c348000,0x00007fbf0c381000)]
  0x00007fbe98016000 JavaThread "pool-11-thread-1" [_thread_blocked, id=28888, stack(0x00007fbf0c381000,0x00007fbf0c482000)]
  0x00007fbeb0002800 JavaThread "process reaper" daemon [_thread_blocked, id=28884, stack(0x00007fbf0c482000,0x00007fbf0c4bb000)]
  0x00007fbec0001000 JavaThread "process reaper" daemon [_thread_blocked, id=28881, stack(0x00007fbf0c4bb000,0x00007fbf0c4f4000)]
  0x00007fbea0003000 JavaThread "pool-8-thread-1" [_thread_blocked, id=28875, stack(0x00007fbf0f8f9000,0x00007fbf0f9fa000)]
  0x00007fbebc00f000 JavaThread "5/FileWriter:WriteToFile" [_thread_blocked, id=28873, stack(0x00007fbf0f9fa000,0x00007fbf0fafb000)]
  0x00007fbf200b9000 JavaThread "container-5" [_thread_blocked, id=28866, stack(0x00007fbf0c5f5000,0x00007fbf0c6f6000)]
  0x00007fbf200b7800 JavaThread "Dispatcher-5" daemon [_thread_blocked, id=28865, stack(0x00007fbf0c6f6000,0x00007fbf0c7f7000)]
  0x00007fbe94011800 JavaThread "pool-7-thread-1" [_thread_blocked, id=28847, stack(0x00007fbf0c7f7000,0x00007fbf0c8f8000)]
  0x00007fbe9c009000 JavaThread "StorageHelper-2-1" [_thread_blocked, id=28832, stack(0x00007fbf0e8e9000,0x00007fbf0e9ea000)]
  0x00007fbea400e800 JavaThread "WindowGenerator-3-1" [_thread_blocked, id=28800, stack(0x00007fbf0e9ea000,0x00007fbf0eaeb000)]
  0x00007fbecc039000 JavaThread "ServerHelper-1-1" [_thread_blocked, id=28799, stack(0x00007fbf0eaeb000,0x00007fbf0ebec000)]
  0x00007fbea400e000 JavaThread "1/readFile:ReadFile" [_thread_blocked, id=28798, stack(0x00007fbf0ebec000,0x00007fbf0eced000)]
  0x00007fbec4025000 JavaThread "2/cooccurrenceRow:CooccurrenceRow" [_thread_blocked, id=28797, stack(0x00007fbf0eced000,0x00007fbf0edee000)]
=>0x00007fbeac007800 JavaThread "3/Cooccurrences:MyCounter" [_thread_in_Java, id=28796, stack(0x00007fbf0edee000,0x00007fbf0eeef000)]
  0x00007fbea4001800 JavaThread "pool-1-thread-1" [_thread_blocked, id=28793, stack(0x00007fbf0f0f1000,0x00007fbf0f1f2000)]
  0x00007fbeb4001800 JavaThread "pool-1-thread-3" [_thread_blocked, id=28792, stack(0x00007fbf0f1f2000,0x00007fbf0f2f3000)]
  0x00007fbebc002800 JavaThread "pool-1-thread-4" [_thread_blocked, id=28791, stack(0x00007fbf0f2f3000,0x00007fbf0f3f4000)]
  0x00007fbeac001800 JavaThread "pool-1-thread-2" [_thread_blocked, id=28790, stack(0x00007fbf0f3f4000,0x00007fbf0f4f5000)]
  0x00007fbf20d69000 JavaThread "container-4" [_thread_blocked, id=28789, stack(0x00007fbf0f4f5000,0x00007fbf0f5f6000)]
  0x00007fbf20d67000 JavaThread "Dispatcher-4" daemon [_thread_blocked, id=28788, stack(0x00007fbf0f5f6000,0x00007fbf0f6f7000)]
  0x00007fbf20d65000 JavaThread "container-3" [_thread_blocked, id=28787, stack(0x00007fbf0f6f7000,0x00007fbf0f7f8000)]
  0x00007fbf20d63000 JavaThread "Dispatcher-3" daemon [_thread_blocked, id=28786, stack(0x00007fbf0f7f8000,0x00007fbf0f8f9000)]
  0x00007fbf20d5e000 JavaThread "container-1" [_thread_blocked, id=28783, stack(0x00007fbf0fafb000,0x00007fbf0fbfc000)]
  0x00007fbf20d5a800 JavaThread "Dispatcher-1" daemon [_thread_blocked, id=28782, stack(0x00007fbf0fbfc000,0x00007fbf0fcfd000)]
  0x00007fbf20d59000 JavaThread "container-0" [_thread_blocked, id=28781, stack(0x00007fbf0fcfd000,0x00007fbf0fdfe000)]
  0x00007fbf20d54000 JavaThread "Dispatcher-0" daemon [_thread_blocked, id=28780, stack(0x00007fbf0fdfe000,0x00007fbf0feff000)]
  0x00007fbf20d2e800 JavaThread "ProcessWideEventLoop" [_thread_in_native, id=28779, stack(0x00007fbf0feff000,0x00007fbf10000000)]
  0x00007fbf20a90800 JavaThread "process reaper" daemon [_thread_blocked, id=28720, stack(0x00007fbf14027000,0x00007fbf14060000)]
  0x00007fbf20125000 JavaThread "Monitor Ctrl-Break" daemon [_thread_in_native, id=28714, stack(0x00007fbf16207000,0x00007fbf16308000)]
  0x00007fbf200b5800 JavaThread "Service Thread" daemon [_thread_blocked, id=28712, stack(0x00007fbf1660b000,0x00007fbf1670c000)]
  0x00007fbf200b3800 JavaThread "C2 CompilerThread1" daemon [_thread_blocked, id=28711, stack(0x00007fbf1670c000,0x00007fbf1680d000)]
  0x00007fbf200b0800 JavaThread "C2 CompilerThread0" daemon [_thread_blocked, id=28710, stack(0x00007fbf1680d000,0x00007fbf1690e000)]
  0x00007fbf200ae000 JavaThread "Signal Dispatcher" daemon [_thread_blocked, id=28709, stack(0x00007fbf1690e000,0x00007fbf16a0f000)]
  0x00007fbf20082800 JavaThread "Finalizer" daemon [_thread_blocked, id=28703, stack(0x00007fbf170f1000,0x00007fbf171f2000)]
  0x00007fbf20080800 JavaThread "Reference Handler" daemon [_thread_blocked, id=28702, stack(0x00007fbf171f2000,0x00007fbf172f3000)]
  0x00007fbf20010800 JavaThread "main" [_thread_blocked, id=28693, stack(0x00007fbf279db000,0x00007fbf27adc000)]

Other Threads:
  0x00007fbf2007c000 VMThread [stack: 0x00007fbf172f3000,0x00007fbf173f4000] [id=28701]
  0x00007fbf200c0000 WatcherThread [stack: 0x00007fbf1650a000,0x00007fbf1660b000] [id=28713]

VM state:synchronizing (normal execution)

VM Mutex/Monitor currently owned by a thread:  ([mutex/lock_event])
[0x00007fbf2000cd30] Safepoint_lock - owner thread: 0x00007fbf2007c000
[0x00007fbf2000cdb0] Threads_lock - owner thread: 0x00007fbf2007c000

Heap
 PSYoungGen      total 448000K, used 305182K [0x00000007d7000000, 0x0000000800000000, 0x0000000800000000)
  eden space 224256K, 72% used [0x00000007d7000000,0x00000007e0dfa6f0,0x00000007e4b00000)
  from space 223744K, 64% used [0x00000007e4b00000,0x00000007ed70d490,0x00000007f2580000)
  to   space 223744K, 0% used [0x00000007f2580000,0x00000007f2580000,0x0000000800000000)
 ParOldGen       total 1222144K, used 1041615K [0x0000000785000000, 0x00000007cf980000, 0x00000007d7000000)
  object space 1222144K, 85% used [0x0000000785000000,0x00000007c4933e48,0x00000007cf980000)
 PSPermGen       total 24576K, used 19961K [0x000000077aa00000, 0x000000077c200000, 0x0000000785000000)
  object space 24576K, 81% used [0x000000077aa00000,0x000000077bd7e7d0,0x000000077c200000)

Card table byte_map: [0x00007fbf241ea000,0x00007fbf24616000] byte_map_base: 0x00007fbf20615000

Polling page: 0x00007fbf27aff000

Code Cache  [0x00007fbf1d000000, 0x00007fbf1d2a0000, 0x00007fbf20000000)
 total_blobs=1083 nmethods=741 adapters=295 free_code_cache=46615Kb largest_free_block=47584192

Compilation events (10 events):
Event: 117.414 Thread 0x00007fbf200b3800  818 % !         com.datatorrent.stram.engine.GenericNode::run @ 148 (2502 bytes)
Event: 117.725 Thread 0x00007fbf200b3800 nmethod 818% 0x00007fbf1d291dd0 code [0x00007fbf1d292700, 0x00007fbf1d297ad0]
Event: 118.414 Thread 0x00007fbf200b0800  819             org.apache.hadoop.util.PureJavaCrc32::update (472 bytes)
Event: 118.434 Thread 0x00007fbf200b0800 nmethod 819 0x00007fbf1d1f7990 code [0x00007fbf1d1f7b60, 0x00007fbf1d1f8678]
Event: 121.462 Thread 0x00007fbf200b3800  820             java.util.concurrent.ConcurrentSkipListMap::size (46 bytes)
Event: 121.466 Thread 0x00007fbf200b3800 nmethod 820 0x00007fbf1d1aef10 code [0x00007fbf1d1af080, 0x00007fbf1d1af268]
Event: 121.750 Thread 0x00007fbf200b0800  821             com.esotericsoftware.kryo.serializers.MapSerializer::write (237 bytes)
Event: 121.767 Thread 0x00007fbf200b0800 nmethod 821 0x00007fbf1d2268d0 code [0x00007fbf1d226b00, 0x00007fbf1d227850]
Event: 122.054 Thread 0x00007fbf200b3800  822             com.google.common.base.Preconditions::checkNotNull (14 bytes)
Event: 122.054 Thread 0x00007fbf200b3800 nmethod 822 0x00007fbf1d15c050 code [0x00007fbf1d15c180, 0x00007fbf1d15c1d8]

GC Heap History (10 events):
Event: 117.414 GC heap before
{Heap before GC invocations=118 (full 15):
 PSYoungGen      total 448000K, used 272577K [0x00000007d7000000, 0x0000000800000000, 0x0000000800000000)
  eden space 224256K, 100% used [0x00000007d7000000,0x00000007e4b00000,0x00000007e4b00000)
  from space 223744K, 21% used [0x00000007f2580000,0x00000007f54b0460,0x0000000800000000)
  to   space 223744K, 0% used [0x00000007e4b00000,0x00000007e4b00000,0x00000007f2580000)
 ParOldGen       total 1222144K, used 746763K [0x0000000785000000, 0x00000007cf980000, 0x00000007d7000000)
  object space 1222144K, 61% used [0x0000000785000000,0x00000007b2942ce8,0x00000007cf980000)
 PSPermGen       total 24576K, used 19956K [0x000000077aa00000, 0x000000077c200000, 0x0000000785000000)
  object space 24576K, 81% used [0x000000077aa00000,0x000000077bd7d230,0x000000077c200000)
Event: 117.456 GC heap after
Heap after GC invocations=118 (full 15):
 PSYoungGen      total 448000K, used 52189K [0x00000007d7000000, 0x0000000800000000, 0x0000000800000000)
  eden space 224256K, 0% used [0x00000007d7000000,0x00000007d7000000,0x00000007e4b00000)
  from space 223744K, 23% used [0x00000007e4b00000,0x00000007e7df7660,0x00000007f2580000)
  to   space 223744K, 0% used [0x00000007f2580000,0x00000007f2580000,0x0000000800000000)
 ParOldGen       total 1222144K, used 789856K [0x0000000785000000, 0x00000007cf980000, 0x00000007d7000000)
  object space 1222144K, 64% used [0x0000000785000000,0x00000007b5358148,0x00000007cf980000)
 PSPermGen       total 24576K, used 19956K [0x000000077aa00000, 0x000000077c200000, 0x0000000785000000)
  object space 24576K, 81% used [0x000000077aa00000,0x000000077bd7d230,0x000000077c200000)
}
Event: 118.320 GC heap before
{Heap before GC invocations=119 (full 15):
 PSYoungGen      total 448000K, used 269491K [0x00000007d7000000, 0x0000000800000000, 0x0000000800000000)
  eden space 224256K, 96% used [0x00000007d7000000,0x00000007e4435908,0x00000007e4b00000)
  from space 223744K, 23% used [0x00000007e4b00000,0x00000007e7df7660,0x00000007f2580000)
  to   space 223744K, 0% used [0x00000007f2580000,0x00000007f2580000,0x0000000800000000)
 ParOldGen       total 1222144K, used 789856K [0x0000000785000000, 0x00000007cf980000, 0x00000007d7000000)
  object space 1222144K, 64% used [0x0000000785000000,0x00000007b5358148,0x00000007cf980000)
 PSPermGen       total 24576K, used 19957K [0x000000077aa00000, 0x000000077c200000, 0x0000000785000000)
  object space 24576K, 81% used [0x000000077aa00000,0x000000077bd7d490,0x000000077c200000)
Event: 118.411 GC heap after
Heap after GC invocations=119 (full 15):
 PSYoungGen      total 448000K, used 149791K [0x00000007d7000000, 0x0000000800000000, 0x0000000800000000)
  eden space 224256K, 0% used [0x00000007d7000000,0x00000007d7000000,0x00000007e4b00000)
  from space 223744K, 66% used [0x00000007f2580000,0x00000007fb7c7e78,0x0000000800000000)
  to   space 223744K, 0% used [0x00000007e4b00000,0x00000007e4b00000,0x00000007f2580000)
 ParOldGen       total 1222144K, used 829557K [0x0000000785000000, 0x00000007cf980000, 0x00000007d7000000)
  object space 1222144K, 67% used [0x0000000785000000,0x00000007b7a1d798,0x00000007cf980000)
 PSPermGen       total 24576K, used 19957K [0x000000077aa00000, 0x000000077c200000, 0x0000000785000000)
  object space 24576K, 81% used [0x000000077aa00000,0x000000077bd7d490,0x000000077c200000)
}
Event: 119.668 GC heap before
{Heap before GC invocations=120 (full 15):
 PSYoungGen      total 448000K, used 374047K [0x00000007d7000000, 0x0000000800000000, 0x0000000800000000)
  eden space 224256K, 100% used [0x00000007d7000000,0x00000007e4b00000,0x00000007e4b00000)
  from space 223744K, 66% used [0x00000007f2580000,0x00000007fb7c7e78,0x0000000800000000)
  to   space 223744K, 0% used [0x00000007e4b00000,0x00000007e4b00000,0x00000007f2580000)
 ParOldGen       total 1222144K, used 829557K [0x0000000785000000, 0x00000007cf980000, 0x00000007d7000000)
  object space 1222144K, 67% used [0x0000000785000000,0x00000007b7a1d798,0x00000007cf980000)
 PSPermGen       total 24576K, used 19958K [0x000000077aa00000, 0x000000077c200000, 0x0000000785000000)
  object space 24576K, 81% used [0x000000077aa00000,0x000000077bd7d9f0,0x000000077c200000)
Event: 119.723 GC heap after
Heap after GC invocations=120 (full 15):
 PSYoungGen      total 448000K, used 87900K [0x00000007d7000000, 0x0000000800000000, 0x0000000800000000)
  eden space 224256K, 0% used [0x00000007d7000000,0x00000007d7000000,0x00000007e4b00000)
  from space 223744K, 39% used [0x00000007e4b00000,0x00000007ea0d71c8,0x00000007f2580000)
  to   space 223744K, 0% used [0x00000007f2580000,0x00000007f2580000,0x0000000800000000)
 ParOldGen       total 1222144K, used 875681K [0x0000000785000000, 0x00000007cf980000, 0x00000007d7000000)
  object space 1222144K, 71% used [0x0000000785000000,0x00000007ba728498,0x00000007cf980000)
 PSPermGen       total 24576K, used 19958K [0x000000077aa00000, 0x000000077c200000, 0x0000000785000000)
  object space 24576K, 81% used [0x000000077aa00000,0x000000077bd7d9f0,0x000000077c200000)
}
Event: 120.920 GC heap before
{Heap before GC invocations=121 (full 15):
 PSYoungGen      total 448000K, used 304954K [0x00000007d7000000, 0x0000000800000000, 0x0000000800000000)
  eden space 224256K, 96% used [0x00000007d7000000,0x00000007e43f76e0,0x00000007e4b00000)
  from space 223744K, 39% used [0x00000007e4b00000,0x00000007ea0d71c8,0x00000007f2580000)
  to   space 223744K, 0% used [0x00000007f2580000,0x00000007f2580000,0x0000000800000000)
 ParOldGen       total 1222144K, used 875681K [0x0000000785000000, 0x00000007cf980000, 0x00000007d7000000)
  object space 1222144K, 71% used [0x0000000785000000,0x00000007ba728498,0x00000007cf980000)
 PSPermGen       total 24576K, used 19959K [0x000000077aa00000, 0x000000077c200000, 0x0000000785000000)
  object space 24576K, 81% used [0x000000077aa00000,0x000000077bd7dc20,0x000000077c200000)
Event: 121.017 GC heap after
Heap after GC invocations=121 (full 15):
 PSYoungGen      total 448000K, used 167322K [0x00000007d7000000, 0x0000000800000000, 0x0000000800000000)
  eden space 224256K, 0% used [0x00000007d7000000,0x00000007d7000000,0x00000007e4b00000)
  from space 223744K, 74% used [0x00000007f2580000,0x00000007fc8e6850,0x0000000800000000)
  to   space 223744K, 0% used [0x00000007e4b00000,0x00000007e4b00000,0x00000007f2580000)
 ParOldGen       total 1222144K, used 935221K [0x0000000785000000, 0x00000007cf980000, 0x00000007d7000000)
  object space 1222144K, 76% used [0x0000000785000000,0x00000007be14d610,0x00000007cf980000)
 PSPermGen       total 24576K, used 19959K [0x000000077aa00000, 0x000000077c200000, 0x0000000785000000)
  object space 24576K, 81% used [0x000000077aa00000,0x000000077bd7dc20,0x000000077c200000)
}
Event: 121.952 GC heap before
{Heap before GC invocations=122 (full 15):
 PSYoungGen      total 448000K, used 391558K [0x00000007d7000000, 0x0000000800000000, 0x0000000800000000)
  eden space 224256K, 99% used [0x00000007d7000000,0x00000007e4afb300,0x00000007e4b00000)
  from space 223744K, 74% used [0x00000007f2580000,0x00000007fc8e6850,0x0000000800000000)
  to   space 223744K, 0% used [0x00000007e4b00000,0x00000007e4b00000,0x00000007f2580000)
 ParOldGen       total 1222144K, used 935221K [0x0000000785000000, 0x00000007cf980000, 0x00000007d7000000)
  object space 1222144K, 76% used [0x0000000785000000,0x00000007be14d610,0x00000007cf980000)
 PSPermGen       total 24576K, used 19959K [0x000000077aa00000, 0x000000077c200000, 0x0000000785000000)
  object space 24576K, 81% used [0x000000077aa00000,0x000000077bd7de60,0x000000077c200000)
Event: 122.052 GC heap after
Heap after GC invocations=122 (full 15):
 PSYoungGen      total 448000K, used 143413K [0x00000007d7000000, 0x0000000800000000, 0x0000000800000000)
  eden space 224256K, 0% used [0x00000007d7000000,0x00000007d7000000,0x00000007e4b00000)
  from space 223744K, 64% used [0x00000007e4b00000,0x00000007ed70d490,0x00000007f2580000)
  to   space 223744K, 0% used [0x00000007f2580000,0x00000007f2580000,0x0000000800000000)
 ParOldGen       total 1222144K, used 1041615K [0x0000000785000000, 0x00000007cf980000, 0x00000007d7000000)
  object space 1222144K, 85% used [0x0000000785000000,0x00000007c4933e48,0x00000007cf980000)
 PSPermGen       total 24576K, used 19959K [0x000000077aa00000, 0x000000077c200000, 0x0000000785000000)
  object space 24576K, 81% used [0x000000077aa00000,0x000000077bd7de60,0x000000077c200000)
}

Deoptimization events (10 events):
Event: 93.770 Thread 0x00007fbf20d2e800 Uncommon trap: reason=unstable_if action=reinterpret pc=0x00007fbf1d18e524 method=sun.nio.ch.EPollArrayWrapper.setUpdateEvents(IBZ)V @ 14
Event: 93.770 Thread 0x00007fbf20d2e800 Uncommon trap: reason=unstable_if action=reinterpret pc=0x00007fbf1d1bd38c method=sun.nio.ch.SocketChannelImpl.translateAndSetInterestOps(ILsun/nio/ch/SelectionKeyImpl;)V @ 26
Event: 93.770 Thread 0x00007fbf20d2e800 Uncommon trap: reason=class_check action=maybe_recompile pc=0x00007fbf1d19a0bc method=sun.nio.ch.SelectionKeyImpl.channel()Ljava/nio/channels/SelectableChannel; @ 4
Event: 93.770 Thread 0x00007fbf20d2e800 Uncommon trap: reason=class_check action=maybe_recompile pc=0x00007fbf1d19a0bc method=sun.nio.ch.SelectionKeyImpl.channel()Ljava/nio/channels/SelectableChannel; @ 4
Event: 93.770 Thread 0x00007fbf20d2e800 Uncommon trap: reason=unstable_if action=reinterpret pc=0x00007fbf1d207abc method=com.datatorrent.netlet.AbstractClient.write()V @ 9
Event: 105.155 Thread 0x00007fbeac007800 Uncommon trap: reason=unstable_if action=reinterpret pc=0x00007fbf1d1538d4 method=com.esotericsoftware.kryo.util.IdentityObjectIntMap.push(Ljava/lang/Object;IILjava/lang/Object;ILjava/lang/Object;ILjava/lang/Object;)V @ 246
Event: 108.757 Thread 0x00007fbeac007800 Uncommon trap: reason=unstable_if action=reinterpret pc=0x00007fbf1d16cff0 method=com.datatorrent.stram.codec.DefaultStatefulStreamCodec.toDataStatePair(Ljava/lang/Object;)Lcom/datatorrent/stram/codec/StatefulStreamCodec$DataStatePair; @ 32
Event: 120.280 Thread 0x00007fbea400e000 Uncommon trap: reason=unstable_if action=reinterpret pc=0x00007fbf1d1e461c method=com.esotericsoftware.kryo.util.DefaultClassResolver.writeName(Lcom/esotericsoftware/kryo/io/Output;Ljava/lang/Class;Lcom/esotericsoftware/kryo/Registration;)V @ 28
Event: 120.281 Thread 0x00007fbea400e000 Uncommon trap: reason=class_check action=maybe_recompile pc=0x00007fbf1d1ea2a8 method=com.esotericsoftware.kryo.serializers.MapSerializer.write(Lcom/esotericsoftware/kryo/Kryo;Lcom/esotericsoftware/kryo/io/Output;Ljava/util/Map;)V @ 1
Event: 120.287 Thread 0x00007fbea400e000 Uncommon trap: reason=unstable_if action=reinterpret pc=0x00007fbf1d1d240c method=java.util.concurrent.locks.AbstractQueuedSynchronizer.enq(Ljava/util/concurrent/locks/AbstractQueuedSynchronizer$Node;)Ljava/util/concurrent/locks/AbstractQueuedSynchronizer

Internal exceptions (10 events):
Event: 82.705 Thread 0x00007fbebc006000 Implicit null exception at 0x00007fbf1d0e40a0 to 0x00007fbf1d0e4215
Event: 84.549 Thread 0x00007fbf20d60800 Threw 0x00000007d741e570 at /build/openjdk-7-9duhBW/openjdk-7-7u101-2.6.6/build/openjdk/hotspot/src/share/vm/prims/jvm.cpp:1322
Event: 84.549 Thread 0x00007fbf20d2e800 Threw 0x00000007d741f580 at /build/openjdk-7-9duhBW/openjdk-7-7u101-2.6.6/build/openjdk/hotspot/src/share/vm/prims/jvm.cpp:1322
Event: 84.553 Thread 0x00007fbf20d2e800 Threw 0x00000007d744a210 at /build/openjdk-7-9duhBW/openjdk-7-7u101-2.6.6/build/openjdk/hotspot/src/share/vm/prims/jvm.cpp:1322
Event: 84.554 Thread 0x00007fbf20d2e800 Threw 0x00000007d74659b8 at /build/openjdk-7-9duhBW/openjdk-7-7u101-2.6.6/build/openjdk/hotspot/src/share/vm/prims/jvm.cpp:1322
Event: 84.558 Thread 0x00007fbeb400d800 Threw 0x00000007d73e0c18 at /build/openjdk-7-9duhBW/openjdk-7-7u101-2.6.6/build/openjdk/hotspot/src/share/vm/prims/jvm.cpp:1322
Event: 87.985 Thread 0x00007fbf20d5e000 Implicit null exception at 0x00007fbf1d185a70 to 0x00007fbf1d186b89
Event: 89.477 Thread 0x00007fbeb400d800 Threw 0x00000007df279798 at /build/openjdk-7-9duhBW/openjdk-7-7u101-2.6.6/build/openjdk/hotspot/src/share/vm/prims/jvm.cpp:1322
Event: 89.607 Thread 0x00007fbec4025000 Threw 0x00000007d854d5f0 at /build/openjdk-7-9duhBW/openjdk-7-7u101-2.6.6/build/openjdk/hotspot/src/share/vm/prims/jvm.cpp:1322
Event: 122.635 Thread 0x00007fbeac007800 Implicit null exception at 0x00007fbf1d226ef9 to 0x0000000000000000

Events (10 events):
Event: 120.303 Executing VM operation: RevokeBias done
Event: 120.306 Thread 0x00007fbeb0006800 Thread exited: 0x00007fbeb0006800
Event: 120.307 Executing VM operation: RevokeBias
Event: 120.309 Executing VM operation: RevokeBias done
Event: 120.309 Executing VM operation: RevokeBias
Event: 120.313 Executing VM operation: RevokeBias done
Event: 120.920 Executing VM operation: ParallelGCFailedAllocation
Event: 121.017 Executing VM operation: ParallelGCFailedAllocation done
Event: 121.951 Executing VM operation: ParallelGCFailedAllocation
Event: 122.052 Executing VM operation: ParallelGCFailedAllocation done


Dynamic libraries:
00400000-00401000 r-xp 00000000 08:07 10617511                           /usr/lib/jvm/java-7-openjdk-amd64/jre/bin/java
00600000-00601000 r--p 00000000 08:07 10617511                           /usr/lib/jvm/java-7-openjdk-amd64/jre/bin/java
00601000-00602000 rw-p 00001000 08:07 10617511                           /usr/lib/jvm/java-7-openjdk-amd64/jre/bin/java
016e9000-0172b000 rw-p 00000000 00:00 0                                  [heap]
77aa00000-77c200000 rw-p 00000000 00:00 0 
77c200000-77d580000 ---p 00000000 00:00 0 
77d580000-785000000 rw-p 00000000 00:00 0 
785000000-7cf980000 rw-p 00000000 00:00 0 
7cf980000-7d7000000 ---p 00000000 00:00 0 
7d7000000-800000000 rw-p 00000000 00:00 0 
7fbe94000000-7fbe94021000 rw-p 00000000 00:00 0 
7fbe94021000-7fbe98000000 ---p 00000000 00:00 0 
7fbe98000000-7fbe98026000 rw-p 00000000 00:00 0 
7fbe98026000-7fbe9c000000 ---p 00000000 00:00 0 
7fbe9c000000-7fbe9d374000 rw-p 00000000 00:00 0 
7fbe9d374000-7fbea0000000 ---p 00000000 00:00 0 
7fbea0000000-7fbea0021000 rw-p 00000000 00:00 0 
7fbea0021000-7fbea4000000 ---p 00000000 00:00 0 
7fbea4000000-7fbea5389000 rw-p 00000000 00:00 0 
7fbea5389000-7fbea8000000 ---p 00000000 00:00 0 
7fbea8000000-7fbea8021000 rw-p 00000000 00:00 0 
7fbea8021000-7fbeac000000 ---p 00000000 00:00 0 
7fbeac000000-7fbeac021000 rw-p 00000000 00:00 0 
7fbeac021000-7fbeb0000000 ---p 00000000 00:00 0 
7fbeb0000000-7fbeb0021000 rw-p 00000000 00:00 0 
7fbeb0021000-7fbeb4000000 ---p 00000000 00:00 0 
7fbeb4000000-7fbeb4023000 rw-p 00000000 00:00 0 
7fbeb4023000-7fbeb8000000 ---p 00000000 00:00 0 
7fbeb8000000-7fbeb8021000 rw-p 00000000 00:00 0 
7fbeb8021000-7fbebc000000 ---p 00000000 00:00 0 
7fbebc000000-7fbebc021000 rw-p 00000000 00:00 0 
7fbebc021000-7fbec0000000 ---p 00000000 00:00 0 
7fbec0000000-7fbec0021000 rw-p 00000000 00:00 0 
7fbec0021000-7fbec4000000 ---p 00000000 00:00 0 
7fbec4000000-7fbec402f000 rw-p 00000000 00:00 0 
7fbec402f000-7fbec8000000 ---p 00000000 00:00 0 
7fbec8000000-7fbec8021000 rw-p 00000000 00:00 0 
7fbec8021000-7fbecc000000 ---p 00000000 00:00 0 
7fbecc000000-7fbecd3a5000 rw-p 00000000 00:00 0 
7fbecd3a5000-7fbed0000000 ---p 00000000 00:00 0 
7fbed0000000-7fbed0021000 rw-p 00000000 00:00 0 
7fbed0021000-7fbed4000000 ---p 00000000 00:00 0 
7fbed4000000-7fbed4021000 rw-p 00000000 00:00 0 
7fbed4021000-7fbed8000000 ---p 00000000 00:00 0 
7fbed8000000-7fbed8021000 rw-p 00000000 00:00 0 
7fbed8021000-7fbedc000000 ---p 00000000 00:00 0 
7fbedc000000-7fbedc021000 rw-p 00000000 00:00 0 
7fbedc021000-7fbee0000000 ---p 00000000 00:00 0 
7fbee0000000-7fbee0021000 rw-p 00000000 00:00 0 
7fbee0021000-7fbee4000000 ---p 00000000 00:00 0 
7fbee4000000-7fbee4c35000 rw-p 00000000 00:00 0 
7fbee4c35000-7fbee8000000 ---p 00000000 00:00 0 
7fbee8000000-7fbee95e8000 rw-p 00000000 00:00 0 
7fbee95e8000-7fbeec000000 ---p 00000000 00:00 0 
7fbeec000000-7fbeec021000 rw-p 00000000 00:00 0 
7fbeec021000-7fbef0000000 ---p 00000000 00:00 0 
7fbef0000000-7fbef0021000 rw-p 00000000 00:00 0 
7fbef0021000-7fbef4000000 ---p 00000000 00:00 0 
7fbef4000000-7fbef4021000 rw-p 00000000 00:00 0 
7fbef4021000-7fbef8000000 ---p 00000000 00:00 0 
7fbefbd50000-7fbf00000000 rw-p 00000000 00:00 0 
7fbf00000000-7fbf000f7000 rw-p 00000000 00:00 0 
7fbf000f7000-7fbf04000000 ---p 00000000 00:00 0 
7fbf04000000-7fbf0407b000 rw-p 00000000 00:00 0 
7fbf0407b000-7fbf08000000 ---p 00000000 00:00 0 
7fbf08000000-7fbf080f2000 rw-p 00000000 00:00 0 
7fbf080f2000-7fbf0c000000 ---p 00000000 00:00 0 
7fbf0c247000-7fbf0c24a000 ---p 00000000 00:00 0 
7fbf0c24a000-7fbf0c348000 rw-p 00000000 00:00 0 
7fbf0c348000-7fbf0c34b000 ---p 00000000 00:00 0 
7fbf0c34b000-7fbf0c381000 rw-p 00000000 00:00 0 
7fbf0c381000-7fbf0c384000 ---p 00000000 00:00 0 
7fbf0c384000-7fbf0c482000 rw-p 00000000 00:00 0 
7fbf0c482000-7fbf0c485000 ---p 00000000 00:00 0 
7fbf0c485000-7fbf0c4bb000 rw-p 00000000 00:00 0 
7fbf0c4bb000-7fbf0c4be000 ---p 00000000 00:00 0 
7fbf0c4be000-7fbf0c4f4000 rw-p 00000000 00:00 0 
7fbf0c4f4000-7fbf0c4f7000 ---p 00000000 00:00 0 
7fbf0c4f7000-7fbf0c5f5000 rw-p 00000000 00:00 0 
7fbf0c5f5000-7fbf0c5f8000 ---p 00000000 00:00 0 
7fbf0c5f8000-7fbf0c6f6000 rw-p 00000000 00:00 0 
7fbf0c6f6000-7fbf0c6f9000 ---p 00000000 00:00 0 
7fbf0c6f9000-7fbf0c7f7000 rw-p 00000000 00:00 0 
7fbf0c7f7000-7fbf0c7fa000 ---p 00000000 00:00 0 
7fbf0c7fa000-7fbf0e8e9000 rw-p 00000000 00:00 0 
7fbf0e8e9000-7fbf0e8ec000 ---p 00000000 00:00 0 
7fbf0e8ec000-7fbf0e9ea000 rw-p 00000000 00:00 0 
7fbf0e9ea000-7fbf0e9ed000 ---p 00000000 00:00 0 
7fbf0e9ed000-7fbf0eaeb000 rw-p 00000000 00:00 0 
7fbf0eaeb000-7fbf0eaee000 ---p 00000000 00:00 0 
7fbf0eaee000-7fbf0ebec000 rw-p 00000000 00:00 0 
7fbf0ebec000-7fbf0ebef000 ---p 00000000 00:00 0 
7fbf0ebef000-7fbf0eced000 rw-p 00000000 00:00 0 
7fbf0eced000-7fbf0ecf0000 ---p 00000000 00:00 0 
7fbf0ecf0000-7fbf0edee000 rw-p 00000000 00:00 0 
7fbf0edee000-7fbf0edf1000 ---p 00000000 00:00 0 
7fbf0edf1000-7fbf0eeef000 rw-p 00000000 00:00 0 
7fbf0eeef000-7fbf0eef2000 ---p 00000000 00:00 0 
7fbf0eef2000-7fbf0eff0000 rw-p 00000000 00:00 0 
7fbf0eff0000-7fbf0eff3000 ---p 00000000 00:00 0 
7fbf0eff3000-7fbf0f0f1000 rw-p 00000000 00:00 0 
7fbf0f0f1000-7fbf0f0f4000 ---p 00000000 00:00 0 
7fbf0f0f4000-7fbf0f1f2000 rw-p 00000000 00:00 0 
7fbf0f1f2000-7fbf0f1f5000 ---p 00000000 00:00 0 
7fbf0f1f5000-7fbf0f2f3000 rw-p 00000000 00:00 0 
7fbf0f2f3000-7fbf0f2f6000 ---p 00000000 00:00 0 
7fbf0f2f6000-7fbf0f3f4000 rw-p 00000000 00:00 0 
7fbf0f3f4000-7fbf0f3f7000 ---p 00000000 00:00 0 
7fbf0f3f7000-7fbf0f4f5000 rw-p 00000000 00:00 0 
7fbf0f4f5000-7fbf0f4f8000 ---p 00000000 00:00 0 
7fbf0f4f8000-7fbf0f5f6000 rw-p 00000000 00:00 0 
7fbf0f5f6000-7fbf0f5f9000 ---p 00000000 00:00 0 
7fbf0f5f9000-7fbf0f6f7000 rw-p 00000000 00:00 0 
7fbf0f6f7000-7fbf0f6fa000 ---p 00000000 00:00 0 
7fbf0f6fa000-7fbf0f7f8000 rw-p 00000000 00:00 0 
7fbf0f7f8000-7fbf0f7fb000 ---p 00000000 00:00 0 
7fbf0f7fb000-7fbf0f8f9000 rw-p 00000000 00:00 0 
7fbf0f8f9000-7fbf0f8fc000 ---p 00000000 00:00 0 
7fbf0f8fc000-7fbf0f9fa000 rw-p 00000000 00:00 0 
7fbf0f9fa000-7fbf0f9fd000 ---p 00000000 00:00 0 
7fbf0f9fd000-7fbf0fafb000 rw-p 00000000 00:00 0 
7fbf0fafb000-7fbf0fafe000 ---p 00000000 00:00 0 
7fbf0fafe000-7fbf0fbfc000 rw-p 00000000 00:00 0 
7fbf0fbfc000-7fbf0fbff000 ---p 00000000 00:00 0 
7fbf0fbff000-7fbf0fcfd000 rw-p 00000000 00:00 0 
7fbf0fcfd000-7fbf0fd00000 ---p 00000000 00:00 0 
7fbf0fd00000-7fbf0fdfe000 rw-p 00000000 00:00 0 
7fbf0fdfe000-7fbf0fe01000 ---p 00000000 00:00 0 
7fbf0fe01000-7fbf0feff000 rw-p 00000000 00:00 0 
7fbf0feff000-7fbf0ff02000 ---p 00000000 00:00 0 
7fbf0ff02000-7fbf10000000 rw-p 00000000 00:00 0 
7fbf10000000-7fbf10036000 rw-p 00000000 00:00 0 
7fbf10036000-7fbf14000000 ---p 00000000 00:00 0 
7fbf14026000-7fbf14027000 rw-p 00000000 00:00 0 
7fbf14027000-7fbf1402a000 ---p 00000000 00:00 0 
7fbf1402a000-7fbf14060000 rw-p 00000000 00:00 0 
7fbf14060000-7fbf14064000 r--s 0004f000 08:07 10617543                   /usr/lib/jvm/java-7-openjdk-amd64/jre/lib/jsse.jar
7fbf14064000-7fbf14066000 r--s 00018000 08:07 10617521                   /usr/lib/jvm/java-7-openjdk-amd64/jre/lib/jce.jar
7fbf14066000-7fbf14067000 r-xp 00000000 08:07 10748347                   /usr/lib/jvm/java-7-openjdk-amd64/jre/lib/amd64/libjaas_unix.so
7fbf14067000-7fbf14266000 ---p 00001000 08:07 10748347                   /usr/lib/jvm/java-7-openjdk-amd64/jre/lib/amd64/libjaas_unix.so
7fbf14266000-7fbf14267000 r--p 00000000 08:07 10748347                   /usr/lib/jvm/java-7-openjdk-amd64/jre/lib/amd64/libjaas_unix.so
7fbf14267000-7fbf14268000 rw-p 00001000 08:07 10748347                   /usr/lib/jvm/java-7-openjdk-amd64/jre/lib/amd64/libjaas_unix.so
7fbf14268000-7fbf14270000 r-xp 00000000 08:07 10748365                   /usr/lib/jvm/java-7-openjdk-amd64/jre/lib/amd64/libmanagement.so
7fbf14270000-7fbf1446f000 ---p 00008000 08:07 10748365                   /usr/lib/jvm/java-7-openjdk-amd64/jre/lib/amd64/libmanagement.so
7fbf1446f000-7fbf14470000 r--p 00007000 08:07 10748365                   /usr/lib/jvm/java-7-openjdk-amd64/jre/lib/amd64/libmanagement.so
7fbf14470000-7fbf14471000 rw-p 00008000 08:07 10748365                   /usr/lib/jvm/java-7-openjdk-amd64/jre/lib/amd64/libmanagement.so
7fbf14471000-7fbf14481000 r-xp 00000000 08:07 10748373                   /usr/lib/jvm/java-7-openjdk-amd64/jre/lib/amd64/libnio.so
7fbf14481000-7fbf14681000 ---p 00010000 08:07 10748373                   /usr/lib/jvm/java-7-openjdk-amd64/jre/lib/amd64/libnio.so
7fbf14681000-7fbf14682000 r--p 00010000 08:07 10748373                   /usr/lib/jvm/java-7-openjdk-amd64/jre/lib/amd64/libnio.so
7fbf14682000-7fbf14683000 rw-p 00011000 08:07 10748373                   /usr/lib/jvm/java-7-openjdk-amd64/jre/lib/amd64/libnio.so
7fbf14683000-7fbf146a6000 r--s 00344000 08:06 263107                     /home/anurag/.m2/repository/org/eclipse/jdt/core/3.1.1/core-3.1.1.jar
7fbf146a6000-7fbf146a8000 r--s 0000e000 08:06 1441855                    /home/anurag/.m2/repository/oro/oro/2.0.8/oro-2.0.8.jar
7fbf146a8000-7fbf146b1000 r--s 000a4000 08:06 262394                     /home/anurag/.m2/repository/hsqldb/hsqldb/1.8.0.10/hsqldb-1.8.0.10.jar
7fbf146b1000-7fbf146b2000 r--s 00002000 08:06 792048                     /home/anurag/.m2/repository/net/sf/kosmosfs/kfs/0.3/kfs-0.3.jar
7fbf146b2000-7fbf146b5000 r--s 0001e000 08:06 1182565                    /home/anurag/.m2/repository/org/mortbay/jetty/servlet-api-2.5/6.1.14/servlet-api-2.5-6.1.14.jar
7fbf146b5000-7fbf146bb000 r--s 00057000 08:06 792043                     /home/anurag/.m2/repository/net/java/dev/jets3t/jets3t/0.7.1/jets3t-0.7.1.jar
7fbf146bb000-7fbf146be000 r--s 00019000 08:06 1574057                    /home/anurag/.m2/repository/commons-el/commons-el/1.0/commons-el-1.0.jar
7fbf146be000-7fbf146cd000 r--s 000ee000 08:06 1316296                    /home/anurag/.m2/repository/ant/ant/1.6.5/ant-1.6.5.jar
7fbf146cd000-7fbf146de000 r--s 000ea000 08:06 1054093                    /home/anurag/.m2/repository/org/mortbay/jetty/jsp-2.1/6.1.14/jsp-2.1-6.1.14.jar
7fbf146de000-7fbf146e1000 r--s 0001e000 08:06 1182556                    /home/anurag/.m2/repository/org/mortbay/jetty/jsp-api-2.1/6.1.14/jsp-api-2.1-6.1.14.jar
7fbf146e1000-7fbf146e6000 r--s 0005e000 08:06 1704204                    /home/anurag/.m2/repository/tomcat/jasper-compiler/5.5.12/jasper-compiler-5.5.12.jar
7fbf146e6000-7fbf146e8000 r--s 00011000 08:06 1831791                    /home/anurag/.m2/repository/tomcat/jasper-runtime/5.5.12/jasper-runtime-5.5.12.jar
7fbf146e8000-7fbf146eb000 r--s 00025000 08:06 1054089                    /home/anurag/.m2/repository/org/mortbay/jetty/jetty-util/6.1.14/jetty-util-6.1.14.jar
7fbf146eb000-7fbf146f2000 r--s 00078000 08:06 1182527                    /home/anurag/.m2/repository/org/mortbay/jetty/jetty/6.1.14/jetty-6.1.14.jar
7fbf146f2000-7fbf146f7000 r--s 00028000 08:06 1832591                    /home/anurag/.m2/repository/commons-net/commons-net/1.4.1/commons-net-1.4.1.jar
7fbf146f7000-7fbf146fc000 r--s 00040000 08:06 1441938                    /home/anurag/.m2/repository/commons-httpclient/commons-httpclient/3.0.1/commons-httpclient-3.0.1.jar
7fbf146fc000-7fbf146fd000 r--s 00003000 08:06 395458                     /home/anurag/.m2/repository/xmlenc/xmlenc/0.52/xmlenc-0.52.jar
7fbf146fd000-7fbf146ff000 r--s 00009000 08:06 1053647                    /home/anurag/.m2/repository/commons-cli/commons-cli/1.2/commons-cli-1.2.jar
7fbf146ff000-7fbf14724000 r--s 0026c000 08:06 922867                     /home/anurag/.m2/repository/org/apache/hadoop/hadoop-core/0.20.2/hadoop-core-0.20.2.jar
7fbf14724000-7fbf1474f000 r--s 001f5000 08:06 1832474                    /home/anurag/.m2/repository/com/google/guava/guava/16.0/guava-16.0.jar
7fbf1474f000-7fbf14774000 r--s 00165000 08:06 268274                     /home/anurag/.m2/repository/org/apache/mahout/mahout-math/0.9/mahout-math-0.9.jar
7fbf14774000-7fbf14775000 r--s 00006000 08:06 268846                     /home/anurag/.m2/repository/org/apache/solr/solr-commons-csv/3.5.0/solr-commons-csv-3.5.0.jar
7fbf14775000-7fbf14793000 r--s 00180000 08:06 1574504                    /home/anurag/.m2/repository/org/apache/commons/commons-math3/3.2/commons-math3-3.2.jar
7fbf14793000-7fbf14796000 r--s 00014000 08:06 268285                     /home/anurag/.m2/repository/org/apache/mahout/commons/commons-cli/2.0-mahout/commons-cli-2.0-mahout.jar
7fbf14796000-7fbf147a7000 r--s 00174000 08:06 268843                     /home/anurag/.m2/repository/org/apache/lucene/lucene-analyzers-common/4.6.1/lucene-analyzers-common-4.6.1.jar
7fbf147a7000-7fbf147ce000 r--s 00217000 08:06 268762                     /home/anurag/.m2/repository/org/apache/lucene/lucene-core/4.6.1/lucene-core-4.6.1.jar
7fbf147ce000-7fbf147d0000 r--s 00005000 08:06 395672                     /home/anurag/.m2/repository/xpp3/xpp3_min/1.1.4c/xpp3_min-1.1.4c.jar
7fbf147d0000-7fbf147d1000 r--s 00001000 08:06 262437                     /home/anurag/.m2/repository/xmlpull/xmlpull/1.1.3.1/xmlpull-1.1.3.1.jar
7fbf147d1000-7fbf147de000 r--s 0006a000 08:06 268841                     /home/anurag/.m2/repository/com/thoughtworks/xstream/xstream/1.4.4/xstream-1.4.4.jar
7fbf147de000-7fbf147f8000 r--s 0014d000 08:06 269197                     /home/anurag/.m2/repository/org/apache/mahout/mahout-core/0.9/mahout-core-0.9.jar
7fbf147f8000-7fbf14828000 r--s 001ed000 08:06 393265                     /home/anurag/.m2/repository/org/apache/apex/apex-shaded-ning19/1.0.0/apex-shaded-ning19-1.0.0.jar
7fbf14828000-7fbf1482b000 r--s 00016000 08:06 1316538                    /home/anurag/.m2/repository/org/jctools/jctools-core/1.1/jctools-core-1.1.jar
7fbf1482b000-7fbf1482e000 r--s 00021000 08:06 1703302                    /home/anurag/.m2/repository/org/apache/xbean/xbean-asm5-shaded/4.3/xbean-asm5-shaded-4.3.jar
7fbf1482e000-7fbf14835000 r--s 0003f000 08:06 1441735                    /home/anurag/.m2/repository/commons-codec/commons-codec/1.10/commons-codec-1.10.jar
7fbf14835000-7fbf14838000 r--s 0001e000 08:06 791937                     /home/anurag/.m2/repository/net/lingala/zip4j/zip4j/1.3.2/zip4j-1.3.2.jar
7fbf14838000-7fbf1483c000 r--s 00014000 08:06 1442250                    /home/anurag/.m2/repository/org/tukaani/xz/1.0/xz-1.0.jar
7fbf1483c000-7fbf14841000 r--s 00036000 08:06 1574529                    /home/anurag/.m2/repository/org/apache/commons/commons-compress/1.4.1/commons-compress-1.4.1.jar
7fbf14841000-7fbf1484d000 r--s 000b3000 08:06 791685                     /home/anurag/.m2/repository/org/apache/zookeeper/zookeeper/3.4.5/zookeeper-3.4.5.jar
7fbf1484d000-7fbf14850000 r--s 0002b000 08:06 1835542                    /home/anurag/.m2/repository/com/jcraft/jsch/0.1.42/jsch-0.1.42.jar
7fbf14850000-7fbf14852000 r--s 0000b000 08:06 922539                     /home/anurag/.m2/repository/org/apache/hadoop/hadoop-auth/2.2.0/hadoop-auth-2.2.0.jar
7fbf14852000-7fbf14854000 r--s 000f2000 08:06 1053797                    /home/anurag/.m2/repository/org/xerial/snappy/snappy-java/1.0.4.1/snappy-java-1.0.4.1.jar
7fbf14854000-7fbf14856000 r--s 00006000 08:06 262294                     /home/anurag/.m2/repository/com/thoughtworks/paranamer/paranamer/2.3/paranamer-2.3.jar
7fbf14856000-7fbf1485d000 r--s 00044000 08:06 1574840                    /home/anurag/.m2/repository/org/apache/avro/avro/1.7.4/avro-1.7.4.jar
7fbf1485d000-7fbf14861000 r--s 00020000 08:06 395757                     /home/anurag/.m2/repository/commons-digester/commons-digester/1.8/commons-digester-1.8.jar
7fbf14861000-7fbf1486f000 r--s 0007f000 08:06 1574169                    /home/anurag/.m2/repository/commons-collections/commons-collections/3.2.1/commons-collections-3.2.1.jar
7fbf1486f000-7fbf14875000 r--s 00043000 08:06 1832623                    /home/anurag/.m2/repository/commons-configuration/commons-configuration/1.6/commons-configuration-1.6.jar
7fbf14875000-7fbf1487a000 r--s 00040000 08:06 1704166                    /home/anurag/.m2/repository/commons-lang/commons-lang/2.5/commons-lang-2.5.jar
7fbf1487a000-7fbf14883000 r--s 0006f000 08:06 1704235                    /home/anurag/.m2/repository/log4j/log4j/1.2.17/log4j-1.2.17.jar
7fbf14883000-7fbf14886000 r--s 00016000 08:06 1703613                    /home/anurag/.m2/repository/javax/servlet/jsp/jsp-api/2.1/jsp-api-2.1.jar
7fbf14886000-7fbf14888000 r--s 00018000 08:06 1703625                    /home/anurag/.m2/repository/javax/servlet/servlet-api/2.5/servlet-api-2.5.jar
7fbf14888000-7fbf14899000 r--s 000bb000 08:06 1574610                    /home/anurag/.m2/repository/org/apache/commons/commons-math/2.1/commons-math-2.1.jar
7fbf14899000-7fbf148af000 r--s 00135000 08:06 922803                     /home/anurag/.m2/repository/org/apache/hadoop/hadoop-common/2.2.0/hadoop-common-2.2.0-tests.jar
7fbf148af000-7fbf148b3000 r--s 00010000 08:06 791967                     /home/anurag/.m2/repository/net/engio/mbassador/1.1.9/mbassador-1.1.9.jar
7fbf148b3000-7fbf148b4000 r--s 00004000 08:06 1316933                    /home/anurag/.m2/repository/org/apache/ant/ant-launcher/1.9.2/ant-launcher-1.9.2.jar
7fbf148b4000-7fbf148d2000 r--s 001cb000 08:06 1183239                    /home/anurag/.m2/repository/org/apache/ant/ant/1.9.2/ant-1.9.2.jar
7fbf148d2000-7fbf148d5000 r--s 00030000 08:06 921871                     /home/anurag/.m2/repository/jline/jline/2.11/jline-2.11.jar
7fbf148d5000-7fbf148d6000 r--s 00003000 08:06 1834872                    /home/anurag/.m2/repository/com/sun/jersey/contribs/jersey-guice/1.9/jersey-guice-1.9.jar
7fbf148d6000-7fbf148d9000 r--s 00017000 08:06 1703582                    /home/anurag/.m2/repository/javax/xml/bind/jaxb-api/2.2.2/jaxb-api-2.2.2.jar
7fbf148d9000-7fbf148ec000 r--s 000c7000 08:06 1834673                    /home/anurag/.m2/repository/com/sun/xml/bind/jaxb-impl/2.2.3-1/jaxb-impl-2.2.3-1.jar
7fbf148ec000-7fbf148ee000 r--s 00005000 08:06 1702094                    /home/anurag/.m2/repository/stax/stax-api/1.0.1/stax-api-1.0.1.jar
7fbf148ee000-7fbf148f0000 r--s 0000f000 08:06 263962                     /home/anurag/.m2/repository/org/codehaus/jettison/jettison/1.1/jettison-1.1.jar
7fbf148f0000-7fbf148f4000 r--s 00021000 08:06 1834840                    /home/anurag/.m2/repository/com/sun/jersey/jersey-json/1.9/jersey-json-1.9.jar
7fbf148f4000-7fbf148f5000 r--s 0000a000 08:06 1703514                    /home/anurag/.m2/repository/asm/asm/3.1/asm-3.1.jar
7fbf148f5000-7fbf14907000 r--s 0009d000 08:06 1834779                    /home/anurag/.m2/repository/com/sun/jersey/jersey-server/1.9/jersey-server-1.9.jar
7fbf14907000-7fbf1490a000 r--s 00012000 08:06 1442601                    /home/anurag/.m2/repository/org/glassfish/javax.servlet/3.1/javax.servlet-3.1.jar
7fbf1490a000-7fbf14912000 r--s 0004b000 08:06 1442507                    /home/anurag/.m2/repository/org/glassfish/grizzly/grizzly-http-servlet/2.1.2/grizzly-http-servlet-2.1.2.jar
7fbf14912000-7fbf14913000 r--s 00001000 08:06 1442541                    /home/anurag/.m2/repository/org/glassfish/grizzly/grizzly-rcm/2.1.2/grizzly-rcm-2.1.2.jar
7fbf14913000-7fbf14917000 r--s 0002d000 08:06 1442512                    /home/anurag/.m2/repository/org/glassfish/grizzly/grizzly-http-server/2.1.2/grizzly-http-server-2.1.2.jar
7fbf14917000-7fbf14919000 r--s 00009000 08:06 1442572                    /home/anurag/.m2/repository/org/glassfish/external/management-api/3.0.0-b012/management-api-3.0.0-b012.jar
7fbf14919000-7fbf1491b000 r--s 00004000 08:06 1442550                    /home/anurag/.m2/repository/org/glassfish/gmbal/gmbal-api-only/3.0.0-b023/gmbal-api-only-3.0.0-b023.jar
7fbf1491b000-7fbf14929000 r--s 0009b000 08:06 1442499                    /home/anurag/.m2/repository/org/glassfish/grizzly/grizzly-framework/2.1.2/grizzly-framework-2.1.2.jar
7fbf14929000-7fbf1492d000 r--s 0003a000 08:06 1442527                    /home/anurag/.m2/repository/org/glassfish/grizzly/grizzly-http/2.1.2/grizzly-http-2.1.2.jar
7fbf1492d000-7fbf1492f000 r--s 00003000 08:06 1834807                    /home/anurag/.m2/repository/com/sun/jersey/jersey-grizzly2/1.9/jersey-grizzly2-1.9.jar
7fbf1492f000-7fbf14932000 r--s 00012000 08:06 1703657                    /home/anurag/.m2/repository/javax/servlet/javax.servlet-api/3.0.1/javax.servlet-api-3.0.1.jar
7fbf14932000-7fbf14934000 r--s 00005000 08:06 1834744                    /home/anurag/.m2/repository/com/sun/jersey/jersey-test-framework/jersey-test-framework-core/1.9/jersey-test-framework-core-1.9.jar
7fbf14934000-7fbf14936000 r--s 00002000 08:06 1834751                    /home/anurag/.m2/repository/com/sun/jersey/jersey-test-framework/jersey-test-framework-grizzly2/1.9/jersey-test-framework-grizzly2-1.9.jar
7fbf14936000-7fbf14938000 r--s 00000000 08:06 1702073                    /home/anurag/.m2/repository/aopalliance/aopalliance/1.0/aopalliance-1.0.jar
7fbf14938000-7fbf14939000 r--s 00000000 08:06 1702063                    /home/anurag/.m2/repository/javax/inject/javax.inject/1/javax.inject-1.jar
7fbf14939000-7fbf14948000 r--s 0009f000 08:06 1834231                    /home/anurag/.m2/repository/com/google/inject/guice/3.0/guice-3.0.jar
7fbf14948000-7fbf1494b000 r--s 00025000 08:06 395732                     /home/anurag/.m2/repository/commons-io/commons-io/2.1/commons-io-2.1.jar
7fbf1494b000-7fbf14953000 r--s 0007b000 08:06 1834173                    /home/anurag/.m2/repository/com/google/protobuf/protobuf-java/2.5.0/protobuf-java-2.5.0.jar
7fbf14953000-7fbf1496a000 r--s 0010e000 08:06 1831898                    /home/anurag/.m2/repository/io/netty/netty/3.6.2.Final/netty-3.6.2.Final.jar
7fbf1496a000-7fbf1496c000 r--s 0000e000 08:06 1834252                    /home/anurag/.m2/repository/com/google/inject/extensions/guice-servlet/3.0/guice-servlet-3.0.jar
7fbf1496c000-7fbf149d7000 r--s 0069d000 08:07 11404525                   /usr/lib/jvm/java-7-openjdk-amd64/lib/tools.jar
7fbf149d7000-7fbf149d9000 r--s 00003000 08:06 1054196                    /home/anurag/.m2/repository/org/apache/hadoop/hadoop-annotations/2.2.0/hadoop-annotations-2.2.0.jar
7fbf149d9000-7fbf149db000 r--s 00001000 08:06 262673                     /home/anurag/.m2/repository/org/slf4j/slf4j-log4j12/1.7.5/slf4j-log4j12-1.7.5.jar
7fbf149db000-7fbf149ed000 r--s 0012c000 08:06 1054255                    /home/anurag/.m2/repository/org/apache/hadoop/hadoop-yarn-common/2.2.0/hadoop-yarn-common-2.2.0.jar
7fbf149ed000-7fbf149fe000 r--s 0010a000 08:06 922500                     /home/anurag/.m2/repository/org/apache/hadoop/hadoop-yarn-api/2.2.0/hadoop-yarn-api-2.2.0.jar
7fbf149fe000-7fbf14a01000 r--s 00015000 08:06 791625                     /home/anurag/.m2/repository/org/apache/hadoop/hadoop-yarn-client/2.2.0/hadoop-yarn-client-2.2.0.jar
7fbf14a01000-7fbf14a02000 r--s 00003000 08:06 1834864                    /home/anurag/.m2/repository/com/sun/jersey/contribs/jersey-apache-client4/1.9/jersey-apache-client4-1.9.jar
7fbf14a02000-7fbf14a08000 r--s 0003f000 08:06 1317169                    /home/anurag/.m2/repository/org/apache/httpcomponents/httpcore/4.3.2/httpcore-4.3.2.jar
7fbf14a08000-7fbf14a14000 r--s 00085000 08:06 1317060                    /home/anurag/.m2/repository/org/apache/httpcomponents/httpclient/4.3.5/httpclient-4.3.5.jar
7fbf14a14000-7fbf14a17000 r--s 00016000 08:06 393218                     /home/anurag/.m2/repository/org/apache/apex/apex-bufferserver/3.4.0/apex-bufferserver-3.4.0.jar
7fbf14a17000-7fbf14a1a000 r--s 0000d000 08:06 395424                     /home/anurag/.m2/repository/org/apache/bval/bval-core/0.5/bval-core-0.5.jar
7fbf14a1a000-7fbf14a20000 r--s 00037000 08:06 395416                     /home/anurag/.m2/repository/org/apache/bval/bval-jsr303/0.5/bval-jsr303-0.5.jar
7fbf14a20000-7fbf14a30000 r--s 00102000 08:06 393315                     /home/anurag/.m2/repository/org/apache/apex/apex-engine/3.4.0/apex-engine-3.4.0.jar
7fbf14a30000-7fbf14a32000 r--s 00011000 08:06 1704739                    /home/anurag/.m2/repository/org/hamcrest/hamcrest-core/1.1/hamcrest-core-1.1.jar
7fbf14a32000-7fbf14a39000 r--s 00037000 08:06 1704506                    /home/anurag/.m2/repository/junit/junit/4.10/junit-4.10.jar
7fbf14a39000-7fbf14a43000 r--s 00066000 08:06 1834800                    /home/anurag/.m2/repository/com/sun/jersey/jersey-core/1.9/jersey-core-1.9.jar
7fbf14a43000-7fbf14a47000 r--s 0000c000 08:06 1703592                    /home/anurag/.m2/repository/javax/validation/validation-api/1.1.0.Final/validation-api-1.1.0.Final.jar
7fbf14a47000-7fbf14a55000 r--s 000ad000 08:06 265010                     /home/anurag/.m2/repository/org/codehaus/jackson/jackson-mapper-asl/1.9.2/jackson-mapper-asl-1.9.2.jar
7fbf14a55000-7fbf14a59000 r--s 00034000 08:06 265110                     /home/anurag/.m2/repository/org/codehaus/jackson/jackson-core-asl/1.9.2/jackson-core-asl-1.9.2.jar
7fbf14a59000-7fbf14a5b000 r--s 00009000 08:06 1316456                    /home/anurag/.m2/repository/org/objenesis/objenesis/2.1/objenesis-2.1.jar
7fbf14a5b000-7fbf14a5d000 r--s 00000000 08:06 1834635                    /home/anurag/.m2/repository/com/esotericsoftware/minlog/minlog/1.2/minlog-1.2.jar
7fbf14a5d000-7fbf14a63000 r--s 0004d000 08:06 1834624                    /home/anurag/.m2/repository/com/esotericsoftware/kryo/kryo/2.24.0/kryo-2.24.0.jar
7fbf14a63000-7fbf14a66000 r--s 0000d000 08:06 1832828                    /home/anurag/.m2/repository/com/datatorrent/netlet/1.2.1/netlet-1.2.1.jar
7fbf14a66000-7fbf14a91000 r--s 00271000 08:06 922799                     /home/anurag/.m2/repository/org/apache/hadoop/hadoop-common/2.2.0/hadoop-common-2.2.0.jar
7fbf14a91000-7fbf14a94000 r--s 00011000 08:06 392871                     /home/anurag/.m2/repository/org/apache/apex/apex-api/3.4.0/apex-api-3.4.0.jar
7fbf14a94000-7fbf14a96000 r--s 0000d000 08:06 393556                     /home/anurag/.m2/repository/org/apache/apex/apex-common/3.4.0/apex-common-3.4.0.jar
7fbf14a96000-7fbf14aa6000 r--s 00089000 08:06 1832493                    /home/anurag/.m2/repository/joda-time/joda-time/2.9.1/joda-time-2.9.1.jar
7fbf14aa6000-7fbf14aa8000 r--s 0000d000 08:06 1573732                    /home/anurag/.m2/repository/commons-logging/commons-logging/1.1.1/commons-logging-1.1.1.jar
7fbf14aa8000-7fbf14aad000 r--s 00034000 08:06 262328                     /home/anurag/.m2/repository/commons-beanutils/commons-beanutils/1.8.3/commons-beanutils-1.8.3.jar
7fbf14aad000-7fbf14ab0000 r--s 00017000 08:06 263360                     /home/anurag/.m2/repository/org/eclipse/jetty/jetty-io/8.1.10.v20130312/jetty-io-8.1.10.v20130312.jar
7fbf14ab0000-7fbf14ab5000 r--s 00041000 08:06 263499                     /home/anurag/.m2/repository/org/eclipse/jetty/jetty-util/8.1.10.v20130312/jetty-util-8.1.10.v20130312.jar
7fbf14ab5000-7fbf14ab8000 r--s 0001c000 08:06 263316                     /home/anurag/.m2/repository/org/eclipse/jetty/jetty-websocket/8.1.10.v20130312/jetty-websocket-8.1.10.v20130312.jar
7fbf14ab8000-7fbf14ae2000 rw-p 00000000 00:00 0 
7fbf14ae2000-7fbf14c09000 r--s 00f32000 08:06 1832268                    /home/anurag/.m2/repository/it/unimi/dsi/fastutil/6.6.4/fastutil-6.6.4.jar
7fbf14c09000-7fbf14c0f000 r--s 00048000 08:06 1574571                    /home/anurag/.m2/repository/org/apache/commons/commons-lang3/3.1/commons-lang3-3.1.jar
7fbf14c0f000-7fbf14c24000 r--s 00103000 08:06 1574228                    /home/anurag/.m2/repository/org/apache/activemq/activemq-client/5.8.0/activemq-client-5.8.0.jar
7fbf14c24000-7fbf14c55000 rw-p 00000000 00:00 0 
7fbf14c55000-7fbf14c92000 r-xp 00000000 08:07 2359385                    /lib/x86_64-linux-gnu/libpcre.so.3.13.1
7fbf14c92000-7fbf14e91000 ---p 0003d000 08:07 2359385                    /lib/x86_64-linux-gnu/libpcre.so.3.13.1
7fbf14e91000-7fbf14e92000 r--p 0003c000 08:07 2359385                    /lib/x86_64-linux-gnu/libpcre.so.3.13.1
7fbf14e92000-7fbf14e93000 rw-p 0003d000 08:07 2359385                    /lib/x86_64-linux-gnu/libpcre.so.3.13.1
7fbf14e93000-7fbf14e9a000 r-xp 00000000 08:07 8265874                    /usr/lib/x86_64-linux-gnu/libffi.so.6.0.1
7fbf14e9a000-7fbf15099000 ---p 00007000 08:07 8265874                    /usr/lib/x86_64-linux-gnu/libffi.so.6.0.1
7fbf15099000-7fbf1509a000 r--p 00006000 08:07 8265874                    /usr/lib/x86_64-linux-gnu/libffi.so.6.0.1
7fbf1509a000-7fbf1509b000 rw-p 00007000 08:07 8265874                    /usr/lib/x86_64-linux-gnu/libffi.so.6.0.1
7fbf1509b000-7fbf150b2000 r-xp 00000000 08:07 2363429                    /lib/x86_64-linux-gnu/libresolv-2.19.so
7fbf150b2000-7fbf152b2000 ---p 00017000 08:07 2363429                    /lib/x86_64-linux-gnu/libresolv-2.19.so
7fbf152b2000-7fbf152b3000 r--p 00017000 08:07 2363429                    /lib/x86_64-linux-gnu/libresolv-2.19.so
7fbf152b3000-7fbf152b4000 rw-p 00018000 08:07 2363429                    /lib/x86_64-linux-gnu/libresolv-2.19.so
7fbf152b4000-7fbf152b6000 rw-p 00000000 00:00 0 
7fbf152b6000-7fbf152d6000 r-xp 00000000 08:07 2363750                    /lib/x86_64-linux-gnu/libselinux.so.1
7fbf152d6000-7fbf154d5000 ---p 00020000 08:07 2363750                    /lib/x86_64-linux-gnu/libselinux.so.1
7fbf154d5000-7fbf154d6000 r--p 0001f000 08:07 2363750                    /lib/x86_64-linux-gnu/libselinux.so.1
7fbf154d6000-7fbf154d7000 rw-p 00020000 08:07 2363750                    /lib/x86_64-linux-gnu/libselinux.so.1
7fbf154d7000-7fbf154d9000 rw-p 00000000 00:00 0 
7fbf154d9000-7fbf154dc000 r-xp 00000000 08:07 8265987                    /usr/lib/x86_64-linux-gnu/libgmodule-2.0.so.0.4002.0
7fbf154dc000-7fbf156db000 ---p 00003000 08:07 8265987                    /usr/lib/x86_64-linux-gnu/libgmodule-2.0.so.0.4002.0
7fbf156db000-7fbf156dc000 r--p 00002000 08:07 8265987                    /usr/lib/x86_64-linux-gnu/libgmodule-2.0.so.0.4002.0
7fbf156dc000-7fbf156dd000 rw-p 00003000 08:07 8265987                    /usr/lib/x86_64-linux-gnu/libgmodule-2.0.so.0.4002.0
7fbf156dd000-7fbf157e3000 r-xp 00000000 08:07 2363651                    /lib/x86_64-linux-gnu/libglib-2.0.so.0.4002.0
7fbf157e3000-7fbf159e2000 ---p 00106000 08:07 2363651                    /lib/x86_64-linux-gnu/libglib-2.0.so.0.4002.0
7fbf159e2000-7fbf159e3000 r--p 00105000 08:07 2363651                    /lib/x86_64-linux-gnu/libglib-2.0.so.0.4002.0
7fbf159e3000-7fbf159e4000 rw-p 00106000 08:07 2363651                    /lib/x86_64-linux-gnu/libglib-2.0.so.0.4002.0
7fbf159e4000-7fbf159e5000 rw-p 00000000 00:00 0 
7fbf159e5000-7fbf15a34000 r-xp 00000000 08:07 8266003                    /usr/lib/x86_64-linux-gnu/libgobject-2.0.so.0.4002.0
7fbf15a34000-7fbf15c34000 ---p 0004f000 08:07 8266003                    /usr/lib/x86_64-linux-gnu/libgobject-2.0.so.0.4002.0
7fbf15c34000-7fbf15c35000 r--p 0004f000 08:07 8266003                    /usr/lib/x86_64-linux-gnu/libgobject-2.0.so.0.4002.0
7fbf15c35000-7fbf15c36000 rw-p 00050000 08:07 8266003                    /usr/lib/x86_64-linux-gnu/libgobject-2.0.so.0.4002.0
7fbf15c36000-7fbf15da2000 r-xp 00000000 08:07 8265975                    /usr/lib/x86_64-linux-gnu/libgio-2.0.so.0.4002.0
7fbf15da2000-7fbf15fa1000 ---p 0016c000 08:07 8265975                    /usr/lib/x86_64-linux-gnu/libgio-2.0.so.0.4002.0
7fbf15fa1000-7fbf15fa5000 r--p 0016b000 08:07 8265975                    /usr/lib/x86_64-linux-gnu/libgio-2.0.so.0.4002.0
7fbf15fa5000-7fbf15fa7000 rw-p 0016f000 08:07 8265975                    /usr/lib/x86_64-linux-gnu/libgio-2.0.so.0.4002.0
7fbf15fa7000-7fbf15fa9000 rw-p 00000000 00:00 0 
7fbf15fa9000-7fbf15fab000 r--s 00016000 08:06 263632                     /home/anurag/.m2/repository/org/eclipse/jetty/jetty-http/8.1.10.v20130312/jetty-http-8.1.10.v20130312.jar
7fbf15fab000-7fbf15fad000 r--s 00006000 08:06 263910                     /home/anurag/.m2/repository/org/codehaus/janino/commons-compiler/2.7.8/commons-compiler-2.7.8.jar
7fbf15fad000-7fbf15faf000 r--s 00001000 08:06 1835798                    /home/anurag/.m2/repository/com/github/tony19/named-regexp/0.2.3/named-regexp-0.2.3.jar
7fbf15faf000-7fbf15fb1000 r--s 00005000 08:06 262815                     /home/anurag/.m2/repository/org/slf4j/slf4j-api/1.7.5/slf4j-api-1.7.5.jar
7fbf15fb1000-7fbf15fb3000 r--s 00003000 08:06 268401                     /home/anurag/.m2/repository/org/apache/geronimo/specs/geronimo-j2ee-management_1.1_spec/1.0.1/geronimo-j2ee-management_1.1_spec-1.0.1.jar
7fbf15fb3000-7fbf15fb5000 r--s 0000b000 08:06 1442938                    /home/anurag/.m2/repository/org/fusesource/hawtbuf/hawtbuf/1.9/hawtbuf-1.9.jar
7fbf15fb5000-7fbf15fb7000 r--s 00006000 08:06 268382                     /home/anurag/.m2/repository/org/apache/geronimo/specs/geronimo-jms_1.1_spec/1.1.1/geronimo-jms_1.1_spec-1.1.1.jar
7fbf15fb7000-7fbf15fb9000 r--s 00008000 08:06 1703788                    /home/anurag/.m2/repository/javax/jms/jms-api/1.1-rev-1/jms-api-1.1-rev-1.jar
7fbf15fb9000-7fbf15fbc000 r--s 0001d000 08:06 1834825                    /home/anurag/.m2/repository/com/sun/jersey/jersey-client/1.9/jersey-client-1.9.jar
7fbf15fbc000-7fbf15fc4000 r--s 00078000 08:06 1834720                    /home/anurag/.m2/repository/com/sun/mail/javax.mail/1.5.0/javax.mail-1.5.0.jar
7fbf15fc4000-7fbf15fc9000 r--s 00050000 08:06 263406                     /home/anurag/.m2/repository/org/eclipse/jetty/jetty-server/8.1.10.v20130312/jetty-server-8.1.10.v20130312.jar
7fbf15fc9000-7fbf15fe0000 r-xp 00000000 08:07 10748351                   /usr/lib/jvm/java-7-openjdk-amd64/jre/lib/amd64/libnet.so
7fbf15fe0000-7fbf161df000 ---p 00017000 08:07 10748351                   /usr/lib/jvm/java-7-openjdk-amd64/jre/lib/amd64/libnet.so
7fbf161df000-7fbf161e0000 r--p 00016000 08:07 10748351                   /usr/lib/jvm/java-7-openjdk-amd64/jre/lib/amd64/libnet.so
7fbf161e0000-7fbf161e1000 rw-p 00017000 08:07 10748351                   /usr/lib/jvm/java-7-openjdk-amd64/jre/lib/amd64/libnet.so
7fbf161e1000-7fbf161f9000 r--s 0011b000 08:06 393109                     /home/anurag/.m2/repository/org/apache/apex/malhar-library/3.3.0-incubating/malhar-library-3.3.0-incubating.jar
7fbf161f9000-7fbf16207000 r--s 0010f000 08:07 10617523                   /usr/lib/jvm/java-7-openjdk-amd64/jre/lib/rhino.jar
7fbf16207000-7fbf1620a000 ---p 00000000 00:00 0 
7fbf1620a000-7fbf16308000 rw-p 00000000 00:00 0 
7fbf16308000-7fbf16309000 r-xp 00000000 08:06 790434                     /home/anurag/Downloads/idea-IC-145.1617.8/bin/libbreakgen64.so
7fbf16309000-7fbf16508000 ---p 00001000 08:06 790434                     /home/anurag/Downloads/idea-IC-145.1617.8/bin/libbreakgen64.so
7fbf16508000-7fbf16509000 r--p 00000000 08:06 790434                     /home/anurag/Downloads/idea-IC-145.1617.8/bin/libbreakgen64.so
7fbf16509000-7fbf1650a000 rw-p 00001000 08:06 790434                     /home/anurag/Downloads/idea-IC-145.1617.8/bin/libbreakgen64.so
7fbf1650a000-7fbf1650b000 ---p 00000000 00:00 0 
7fbf1650b000-7fbf1660b000 rw-p 00000000 00:00 0 
7fbf1660b000-7fbf1660e000 ---p 00000000 00:00 0 
7fbf1660e000-7fbf1670c000 rw-p 00000000 00:00 0 
7fbf1670c000-7fbf1670f000 ---p 00000000 00:00 0 
7fbf1670f000-7fbf1680d000 rw-p 00000000 00:00 0 
7fbf1680d000-7fbf16810000 ---p 00000000 00:00 0 
7fbf16810000-7fbf1690e000 rw-p 00000000 00:00 0 
7fbf1690e000-7fbf16911000 ---p 00000000 00:00 0 
7fbf16911000-7fbf16a0f000 rw-p 00000000 00:00 0 
7fbf16a0f000-7fbf170f1000 r--p 00000000 08:07 8264578                    /usr/lib/locale/locale-archive
7fbf170f1000-7fbf170f4000 ---p 00000000 00:00 0 
7fbf170f4000-7fbf171f2000 rw-p 00000000 00:00 0 
7fbf171f2000-7fbf171f5000 ---p 00000000 00:00 0 
7fbf171f5000-7fbf172f3000 rw-p 00000000 00:00 0 
7fbf172f3000-7fbf172f4000 ---p 00000000 00:00 0 
7fbf172f4000-7fbf18000000 rw-p 00000000 00:00 0 
7fbf18000000-7fbf18040000 rw-p 00000000 00:00 0 
7fbf18040000-7fbf1c000000 ---p 00000000 00:00 0 
7fbf1c000000-7fbf1c002000 r--s 0000e000 08:06 1703761                    /home/anurag/.m2/repository/javax/activation/activation/1.1/activation-1.1.jar
7fbf1c002000-7fbf1c004000 r--s 00004000 08:06 263251                     /home/anurag/.m2/repository/org/eclipse/jetty/jetty-continuation/8.1.10.v20130312/jetty-continuation-8.1.10.v20130312.jar
7fbf1c004000-7fbf1c006000 r--s 00014000 08:06 263745                     /home/anurag/.m2/repository/org/eclipse/jetty/jetty-security/8.1.10.v20130312/jetty-security-8.1.10.v20130312.jar
7fbf1c006000-7fbf1c010000 r--s 000ae000 08:07 10617526                   /usr/lib/jvm/java-7-openjdk-amd64/jre/lib/resources.jar
7fbf1c010000-7fbf1c3bf000 rw-p 00000000 00:00 0 
7fbf1c3bf000-7fbf1c571000 r--s 01d32000 08:07 10617531                   /usr/lib/jvm/java-7-openjdk-amd64/jre/lib/rt.jar
7fbf1c571000-7fbf1ca6d000 rw-p 00000000 00:00 0 
7fbf1ca6d000-7fbf1ca6e000 ---p 00000000 00:00 0 
7fbf1ca6e000-7fbf1cb6e000 rw-p 00000000 00:00 0 
7fbf1cb6e000-7fbf1cb6f000 ---p 00000000 00:00 0 
7fbf1cb6f000-7fbf1cc6f000 rw-p 00000000 00:00 0 
7fbf1cc6f000-7fbf1cc70000 ---p 00000000 00:00 0 
7fbf1cc70000-7fbf1cfc5000 rw-p 00000000 00:00 0 
7fbf1cfc5000-7fbf1d000000 ---p 00000000 00:00 0 
7fbf1d000000-7fbf1d2a0000 rwxp 00000000 00:00 0 
7fbf1d2a0000-7fbf20d75000 rw-p 00000000 00:00 0 
7fbf20d75000-7fbf24000000 ---p 00000000 00:00 0 
7fbf24000000-7fbf24002000 r--s 00017000 08:06 263555                     /home/anurag/.m2/repository/org/eclipse/jetty/jetty-servlet/8.1.10.v20130312/jetty-servlet-8.1.10.v20130312.jar
7fbf24002000-7fbf24096000 rw-p 00000000 00:00 0 
7fbf24096000-7fbf24097000 ---p 00000000 00:00 0 
7fbf24097000-7fbf241a3000 rw-p 00000000 00:00 0 
7fbf241a3000-7fbf241ad000 ---p 00000000 00:00 0 
7fbf241ad000-7fbf241ea000 rw-p 00000000 00:00 0 
7fbf241ea000-7fbf241f6000 rw-p 00000000 00:00 0 
7fbf241f6000-7fbf24200000 ---p 00000000 00:00 0 
7fbf24200000-7fbf2423d000 rw-p 00000000 00:00 0 
7fbf2423d000-7fbf24492000 rw-p 00000000 00:00 0 
7fbf24492000-7fbf244cd000 ---p 00000000 00:00 0 
7fbf244cd000-7fbf24615000 rw-p 00000000 00:00 0 
7fbf24615000-7fbf24616000 rw-p 00000000 00:00 0 
7fbf24616000-7fbf2461e000 r-xp 00000000 08:07 10748355                   /usr/lib/jvm/java-7-openjdk-amd64/jre/lib/amd64/libzip.so
7fbf2461e000-7fbf2481d000 ---p 00008000 08:07 10748355                   /usr/lib/jvm/java-7-openjdk-amd64/jre/lib/amd64/libzip.so
7fbf2481d000-7fbf2481e000 r--p 00007000 08:07 10748355                   /usr/lib/jvm/java-7-openjdk-amd64/jre/lib/amd64/libzip.so
7fbf2481e000-7fbf2481f000 rw-p 00008000 08:07 10748355                   /usr/lib/jvm/java-7-openjdk-amd64/jre/lib/amd64/libzip.so
7fbf2481f000-7fbf24829000 r-xp 00000000 08:07 2363454                    /lib/x86_64-linux-gnu/libnss_files-2.19.so
7fbf24829000-7fbf24a28000 ---p 0000a000 08:07 2363454                    /lib/x86_64-linux-gnu/libnss_files-2.19.so
7fbf24a28000-7fbf24a29000 r--p 00009000 08:07 2363454                    /lib/x86_64-linux-gnu/libnss_files-2.19.so
7fbf24a29000-7fbf24a2a000 rw-p 0000a000 08:07 2363454                    /lib/x86_64-linux-gnu/libnss_files-2.19.so
7fbf24a2a000-7fbf24a35000 r-xp 00000000 08:07 2363446                    /lib/x86_64-linux-gnu/libnss_nis-2.19.so
7fbf24a35000-7fbf24c34000 ---p 0000b000 08:07 2363446                    /lib/x86_64-linux-gnu/libnss_nis-2.19.so
7fbf24c34000-7fbf24c35000 r--p 0000a000 08:07 2363446                    /lib/x86_64-linux-gnu/libnss_nis-2.19.so
7fbf24c35000-7fbf24c36000 rw-p 0000b000 08:07 2363446                    /lib/x86_64-linux-gnu/libnss_nis-2.19.so
7fbf24c36000-7fbf24c4d000 r-xp 00000000 08:07 2363442                    /lib/x86_64-linux-gnu/libnsl-2.19.so
7fbf24c4d000-7fbf24e4c000 ---p 00017000 08:07 2363442                    /lib/x86_64-linux-gnu/libnsl-2.19.so
7fbf24e4c000-7fbf24e4d000 r--p 00016000 08:07 2363442                    /lib/x86_64-linux-gnu/libnsl-2.19.so
7fbf24e4d000-7fbf24e4e000 rw-p 00017000 08:07 2363442                    /lib/x86_64-linux-gnu/libnsl-2.19.so
7fbf24e4e000-7fbf24e50000 rw-p 00000000 00:00 0 
7fbf24e50000-7fbf24e59000 r-xp 00000000 08:07 2363441                    /lib/x86_64-linux-gnu/libnss_compat-2.19.so
7fbf24e59000-7fbf25058000 ---p 00009000 08:07 2363441                    /lib/x86_64-linux-gnu/libnss_compat-2.19.so
7fbf25058000-7fbf25059000 r--p 00008000 08:07 2363441                    /lib/x86_64-linux-gnu/libnss_compat-2.19.so
7fbf25059000-7fbf2505a000 rw-p 00009000 08:07 2363441                    /lib/x86_64-linux-gnu/libnss_compat-2.19.so
7fbf2505a000-7fbf25085000 r-xp 00000000 08:07 10748341                   /usr/lib/jvm/java-7-openjdk-amd64/jre/lib/amd64/libjava.so
7fbf25085000-7fbf25285000 ---p 0002b000 08:07 10748341                   /usr/lib/jvm/java-7-openjdk-amd64/jre/lib/amd64/libjava.so
7fbf25285000-7fbf25286000 r--p 0002b000 08:07 10748341                   /usr/lib/jvm/java-7-openjdk-amd64/jre/lib/amd64/libjava.so
7fbf25286000-7fbf25288000 rw-p 0002c000 08:07 10748341                   /usr/lib/jvm/java-7-openjdk-amd64/jre/lib/amd64/libjava.so
7fbf25288000-7fbf25298000 r-xp 00000000 08:07 10748342                   /usr/lib/jvm/java-7-openjdk-amd64/jre/lib/amd64/libverify.so
7fbf25298000-7fbf25497000 ---p 00010000 08:07 10748342                   /usr/lib/jvm/java-7-openjdk-amd64/jre/lib/amd64/libverify.so
7fbf25497000-7fbf25499000 r--p 0000f000 08:07 10748342                   /usr/lib/jvm/java-7-openjdk-amd64/jre/lib/amd64/libverify.so
7fbf25499000-7fbf2549a000 rw-p 00011000 08:07 10748342                   /usr/lib/jvm/java-7-openjdk-amd64/jre/lib/amd64/libverify.so
7fbf2549a000-7fbf254a1000 r-xp 00000000 08:07 2363450                    /lib/x86_64-linux-gnu/librt-2.19.so
7fbf254a1000-7fbf256a0000 ---p 00007000 08:07 2363450                    /lib/x86_64-linux-gnu/librt-2.19.so
7fbf256a0000-7fbf256a1000 r--p 00006000 08:07 2363450                    /lib/x86_64-linux-gnu/librt-2.19.so
7fbf256a1000-7fbf256a2000 rw-p 00007000 08:07 2363450                    /lib/x86_64-linux-gnu/librt-2.19.so
7fbf256a2000-7fbf256b8000 r-xp 00000000 08:07 2363647                    /lib/x86_64-linux-gnu/libgcc_s.so.1
7fbf256b8000-7fbf258b7000 ---p 00016000 08:07 2363647                    /lib/x86_64-linux-gnu/libgcc_s.so.1
7fbf258b7000-7fbf258b8000 rw-p 00015000 08:07 2363647                    /lib/x86_64-linux-gnu/libgcc_s.so.1
7fbf258b8000-7fbf259bd000 r-xp 00000000 08:07 2363436                    /lib/x86_64-linux-gnu/libm-2.19.so
7fbf259bd000-7fbf25bbc000 ---p 00105000 08:07 2363436                    /lib/x86_64-linux-gnu/libm-2.19.so
7fbf25bbc000-7fbf25bbd000 r--p 00104000 08:07 2363436                    /lib/x86_64-linux-gnu/libm-2.19.so
7fbf25bbd000-7fbf25bbe000 rw-p 00105000 08:07 2363436                    /lib/x86_64-linux-gnu/libm-2.19.so
7fbf25bbe000-7fbf25ca4000 r-xp 00000000 08:07 8258883                    /usr/lib/x86_64-linux-gnu/libstdc++.so.6.0.19
7fbf25ca4000-7fbf25ea3000 ---p 000e6000 08:07 8258883                    /usr/lib/x86_64-linux-gnu/libstdc++.so.6.0.19
7fbf25ea3000-7fbf25eab000 r--p 000e5000 08:07 8258883                    /usr/lib/x86_64-linux-gnu/libstdc++.so.6.0.19
7fbf25eab000-7fbf25ead000 rw-p 000ed000 08:07 8258883                    /usr/lib/x86_64-linux-gnu/libstdc++.so.6.0.19
7fbf25ead000-7fbf25ec2000 rw-p 00000000 00:00 0 
7fbf25ec2000-7fbf269e7000 r-xp 00000000 08:07 10879244                   /usr/lib/jvm/java-7-openjdk-amd64/jre/lib/amd64/server/libjvm.so
7fbf269e7000-7fbf26be7000 ---p 00b25000 08:07 10879244                   /usr/lib/jvm/java-7-openjdk-amd64/jre/lib/amd64/server/libjvm.so
7fbf26be7000-7fbf26c81000 r--p 00b25000 08:07 10879244                   /usr/lib/jvm/java-7-openjdk-amd64/jre/lib/amd64/server/libjvm.so
7fbf26c81000-7fbf26ca4000 rw-p 00bbf000 08:07 10879244                   /usr/lib/jvm/java-7-openjdk-amd64/jre/lib/amd64/server/libjvm.so
7fbf26ca4000-7fbf26cd3000 rw-p 00000000 00:00 0 
7fbf26cd3000-7fbf26ceb000 r-xp 00000000 08:07 2363783                    /lib/x86_64-linux-gnu/libz.so.1.2.8
7fbf26ceb000-7fbf26eea000 ---p 00018000 08:07 2363783                    /lib/x86_64-linux-gnu/libz.so.1.2.8
7fbf26eea000-7fbf26eeb000 r--p 00017000 08:07 2363783                    /lib/x86_64-linux-gnu/libz.so.1.2.8
7fbf26eeb000-7fbf26eec000 rw-p 00018000 08:07 2363783                    /lib/x86_64-linux-gnu/libz.so.1.2.8
7fbf26eec000-7fbf26f05000 r-xp 00000000 08:07 2363443                    /lib/x86_64-linux-gnu/libpthread-2.19.so
7fbf26f05000-7fbf27104000 ---p 00019000 08:07 2363443                    /lib/x86_64-linux-gnu/libpthread-2.19.so
7fbf27104000-7fbf27105000 r--p 00018000 08:07 2363443                    /lib/x86_64-linux-gnu/libpthread-2.19.so
7fbf27105000-7fbf27106000 rw-p 00019000 08:07 2363443                    /lib/x86_64-linux-gnu/libpthread-2.19.so
7fbf27106000-7fbf2710a000 rw-p 00000000 00:00 0 
7fbf2710a000-7fbf2710d000 r-xp 00000000 08:07 2363438                    /lib/x86_64-linux-gnu/libdl-2.19.so
7fbf2710d000-7fbf2730c000 ---p 00003000 08:07 2363438                    /lib/x86_64-linux-gnu/libdl-2.19.so
7fbf2730c000-7fbf2730d000 r--p 00002000 08:07 2363438                    /lib/x86_64-linux-gnu/libdl-2.19.so
7fbf2730d000-7fbf2730e000 rw-p 00003000 08:07 2363438                    /lib/x86_64-linux-gnu/libdl-2.19.so
7fbf2730e000-7fbf274c8000 r-xp 00000000 08:07 2363451                    /lib/x86_64-linux-gnu/libc-2.19.so
7fbf274c8000-7fbf276c8000 ---p 001ba000 08:07 2363451                    /lib/x86_64-linux-gnu/libc-2.19.so
7fbf276c8000-7fbf276cc000 r--p 001ba000 08:07 2363451                    /lib/x86_64-linux-gnu/libc-2.19.so
7fbf276cc000-7fbf276ce000 rw-p 001be000 08:07 2363451                    /lib/x86_64-linux-gnu/libc-2.19.so
7fbf276ce000-7fbf276d3000 rw-p 00000000 00:00 0 
7fbf276d3000-7fbf276e0000 r-xp 00000000 08:07 11010913                   /usr/lib/jvm/java-7-openjdk-amd64/jre/lib/amd64/jli/libjli.so
7fbf276e0000-7fbf278df000 ---p 0000d000 08:07 11010913                   /usr/lib/jvm/java-7-openjdk-amd64/jre/lib/amd64/jli/libjli.so
7fbf278df000-7fbf278e0000 r--p 0000c000 08:07 11010913                   /usr/lib/jvm/java-7-openjdk-amd64/jre/lib/amd64/jli/libjli.so
7fbf278e0000-7fbf278e1000 rw-p 0000d000 08:07 11010913                   /usr/lib/jvm/java-7-openjdk-amd64/jre/lib/amd64/jli/libjli.so
7fbf278e1000-7fbf27904000 r-xp 00000000 08:07 2363444                    /lib/x86_64-linux-gnu/ld-2.19.so
7fbf27904000-7fbf27905000 r--s 00002000 08:06 269211                     /home/anurag/.m2/repository/org/slf4j/slf4j-simple/1.7.7/slf4j-simple-1.7.7.jar
7fbf27905000-7fbf27906000 r--s 00000000 08:07 10617539                   /usr/lib/jvm/java-7-openjdk-amd64/jre/lib/management-agent.jar
7fbf27906000-7fbf2790a000 r--s 0004f000 08:07 10617543                   /usr/lib/jvm/java-7-openjdk-amd64/jre/lib/jsse.jar
7fbf2790a000-7fbf2790c000 r--s 00018000 08:07 10617521                   /usr/lib/jvm/java-7-openjdk-amd64/jre/lib/jce.jar
7fbf2790c000-7fbf2790d000 r--s 0000a000 08:07 10617517                   /usr/lib/jvm/java-7-openjdk-amd64/jre/lib/javazic.jar
7fbf2790d000-7fbf2790e000 r--s 00000000 08:07 10617537                   /usr/lib/jvm/java-7-openjdk-amd64/jre/lib/compilefontconfig.jar
7fbf2790e000-7fbf27919000 r--s 00203000 08:07 10617535                   /usr/lib/jvm/java-7-openjdk-amd64/jre/lib/charsets.jar
7fbf27919000-7fbf2791b000 r--s 00023000 08:06 921601                     /home/anurag/Downloads/idea-IC-145.1617.8/plugins/junit/lib/junit-rt.jar
7fbf2791b000-7fbf27926000 rw-p 00000000 00:00 0 
7fbf27926000-7fbf279db000 rw-p 00000000 00:00 0 
7fbf279db000-7fbf279de000 ---p 00000000 00:00 0 
7fbf279de000-7fbf27ae0000 rw-p 00000000 00:00 0 
7fbf27ae0000-7fbf27ae2000 r--s 0001e000 08:06 790339                     /home/anurag/Downloads/idea-IC-145.1617.8/lib/idea_rt.jar
7fbf27ae2000-7fbf27ae6000 r--s 00034000 08:07 11404320                   /usr/lib/jvm/java-7-openjdk-amd64/jre/lib/ext/sunjce_provider.jar
7fbf27ae6000-7fbf27aea000 r--s 0003c000 08:07 11404323                   /usr/lib/jvm/java-7-openjdk-amd64/jre/lib/ext/sunpkcs11.jar
7fbf27aea000-7fbf27aee000 r--s 00085000 08:07 11404322                   /usr/lib/jvm/java-7-openjdk-amd64/jre/lib/ext/localedata.jar
7fbf27aee000-7fbf27af1000 r--s 0000f000 08:07 11404321                   /usr/lib/jvm/java-7-openjdk-amd64/jre/lib/ext/icedtea-sound.jar
7fbf27af1000-7fbf27af2000 r--s 00002000 08:07 11404318                   /usr/lib/jvm/java-7-openjdk-amd64/jre/lib/ext/dnsns.jar
7fbf27af2000-7fbf27af4000 r--s 00012000 08:07 11404319                   /usr/lib/jvm/java-7-openjdk-amd64/jre/lib/ext/zipfs.jar
7fbf27af4000-7fbf27af6000 r--s 00006000 08:07 8660409                    /usr/share/java/java-atk-wrapper.jar
7fbf27af6000-7fbf27afe000 rw-s 00000000 08:07 8401495                    /tmp/hsperfdata_anurag/28692
7fbf27afe000-7fbf27aff000 rw-p 00000000 00:00 0 
7fbf27aff000-7fbf27b00000 ---p 00000000 00:00 0 
7fbf27b00000-7fbf27b03000 rw-p 00000000 00:00 0 
7fbf27b03000-7fbf27b04000 r--p 00022000 08:07 2363444                    /lib/x86_64-linux-gnu/ld-2.19.so
7fbf27b04000-7fbf27b05000 rw-p 00023000 08:07 2363444                    /lib/x86_64-linux-gnu/ld-2.19.so
7fbf27b05000-7fbf27b06000 rw-p 00000000 00:00 0 
7fff156d9000-7fff156fd000 rw-p 00000000 00:00 0                          [stack]
7fff15792000-7fff15794000 r--p 00000000 00:00 0                          [vvar]
7fff15794000-7fff15796000 r-xp 00000000 00:00 0                          [vdso]
ffffffffff600000-ffffffffff601000 r-xp 00000000 00:00 0                  [vsyscall]

VM Arguments:
jvm_args: -ea -Didea.launcher.port=7534 -Didea.launcher.bin.path=/home/anurag/Downloads/idea-IC-145.1617.8/bin -Didea.junit.sm_runner -Dfile.encoding=UTF-8 
java_command: com.intellij.rt.execution.application.AppMain com.intellij.rt.execution.junit.JUnitStarter -ideVersion5 com.wikipedia.ApplicationTest,testApplication
Launcher Type: SUN_STANDARD

Environment Variables:
PATH=/usr/local/sbin:/usr/local/bin:/usr/sbin:/usr/bin:/sbin:/bin:/usr/games:/usr/local/games
LD_LIBRARY_PATH=/home/anurag/Downloads/idea-IC-145.1617.8/bin::/opt/AMDAPP/lib/x86_64:/opt/AMDAPP/lib/x86
SHELL=/bin/bash
DISPLAY=:0

Signal Handlers:
SIGSEGV: [libjvm.so+0x9561e0], sa_mask[0]=0x7ffbfeff, sa_flags=0x10000004
SIGBUS: [libjvm.so+0x9561e0], sa_mask[0]=0x7ffbfeff, sa_flags=0x10000004
SIGFPE: [libjvm.so+0x7cc4d0], sa_mask[0]=0x7ffbfeff, sa_flags=0x10000004
SIGPIPE: [libjvm.so+0x7cc4d0], sa_mask[0]=0x7ffbfeff, sa_flags=0x10000004
SIGXFSZ: [libjvm.so+0x7cc4d0], sa_mask[0]=0x7ffbfeff, sa_flags=0x10000004
SIGILL: [libjvm.so+0x7cc4d0], sa_mask[0]=0x7ffbfeff, sa_flags=0x10000004
SIGUSR1: SIG_DFL, sa_mask[0]=0x00000000, sa_flags=0x00000000
SIGUSR2: [libjvm.so+0x7cc370], sa_mask[0]=0x00000004, sa_flags=0x10000004
SIGHUP: [libjvm.so+0x7cc550], sa_mask[0]=0x7ffbfeff, sa_flags=0x10000004
SIGINT: [libjvm.so+0x7cc550], sa_mask[0]=0x7ffbfeff, sa_flags=0x10000004
SIGTERM: [libjvm.so+0x7cc550], sa_mask[0]=0x7ffbfeff, sa_flags=0x10000004
SIGQUIT: [libjvm.so+0x7cc550], sa_mask[0]=0x7ffbfeff, sa_flags=0x10000004
SIGTRAP: SIG_DFL, sa_mask[0]=0x00000000, sa_flags=0x00000000


---------------  S Y S T E M  ---------------

OS:Ubuntu 14.04 (trusty)
uname:Linux 4.2.0-38-generic #45~14.04.1-Ubuntu SMP Thu Jun 9 09:27:51 UTC 2016 x86_64
libc:glibc 2.19 NPTL 2.19 
rlimit: STACK 8192k, CORE 0k, NPROC 31115, NOFILE 4096, AS infinity
load average:23.20 8.88 3.55

/proc/meminfo:
MemTotal:        8054084 kB
MemFree:          177872 kB
MemAvailable:     253940 kB
Buffers:            7016 kB
Cached:           585032 kB
SwapCached:       181220 kB
Active:          6241160 kB
Inactive:        1348476 kB
Active(anon):    6167656 kB
Inactive(anon):  1204332 kB
Active(file):      73504 kB
Inactive(file):   144144 kB
Unevictable:         296 kB
Mlocked:             296 kB
SwapTotal:       7906300 kB
SwapFree:        5987996 kB
Dirty:             12124 kB
Writeback:             0 kB
AnonPages:       6916876 kB
Mapped:           306272 kB
Shmem:            374348 kB
Slab:             101820 kB
SReclaimable:      54724 kB
SUnreclaim:        47096 kB
KernelStack:       19600 kB
PageTables:        64324 kB
NFS_Unstable:          0 kB
Bounce:                0 kB
WritebackTmp:          0 kB
CommitLimit:    11933340 kB
Committed_AS:   16067864 kB
VmallocTotal:   34359738367 kB
VmallocUsed:      560648 kB
VmallocChunk:   34358423548 kB
HardwareCorrupted:     0 kB
AnonHugePages:   3497984 kB
CmaTotal:              0 kB
CmaFree:               0 kB
HugePages_Total:       0
HugePages_Free:        0
HugePages_Rsvd:        0
HugePages_Surp:        0
Hugepagesize:       2048 kB
DirectMap4k:      243452 kB
DirectMap2M:     8024064 kB


CPU:total 4 (2 cores per cpu, 2 threads per core) family 6 model 58 stepping 9, cmov, cx8, fxsr, mmx, sse, sse2, sse3, ssse3, sse4.1, sse4.2, popcnt, avx, aes, erms, ht, tsc, tscinvbit, tscinv

/proc/cpuinfo:
processor	: 0
vendor_id	: GenuineIntel
cpu family	: 6
model		: 58
model name	: Intel(R) Core(TM) i5-3337U CPU @ 1.80GHz
stepping	: 9
microcode	: 0x17
cpu MHz		: 2520.351
cache size	: 3072 KB
physical id	: 0
siblings	: 4
core id		: 0
cpu cores	: 2
apicid		: 0
initial apicid	: 0
fpu		: yes
fpu_exception	: yes
cpuid level	: 13
wp		: yes
flags		: fpu vme de pse tsc msr pae mce cx8 apic sep mtrr pge mca cmov pat pse36 clflush dts acpi mmx fxsr sse sse2 ss ht tm pbe syscall nx rdtscp lm constant_tsc arch_perfmon pebs bts rep_good nopl xtopology nonstop_tsc aperfmperf eagerfpu pni pclmulqdq dtes64 monitor ds_cpl vmx est tm2 ssse3 cx16 xtpr pdcm pcid sse4_1 sse4_2 x2apic popcnt tsc_deadline_timer aes xsave avx f16c rdrand lahf_lm ida arat epb pln pts dtherm tpr_shadow vnmi flexpriority ept vpid fsgsbase smep erms xsaveopt
bugs		:
bogomips	: 3591.54
clflush size	: 64
cache_alignment	: 64
address sizes	: 36 bits physical, 48 bits virtual
power management:

processor	: 1
vendor_id	: GenuineIntel
cpu family	: 6
model		: 58
model name	: Intel(R) Core(TM) i5-3337U CPU @ 1.80GHz
stepping	: 9
microcode	: 0x17
cpu MHz		: 2652.328
cache size	: 3072 KB
physical id	: 0
siblings	: 4
core id		: 0
cpu cores	: 2
apicid		: 1
initial apicid	: 1
fpu		: yes
fpu_exception	: yes
cpuid level	: 13
wp		: yes
flags		: fpu vme de pse tsc msr pae mce cx8 apic sep mtrr pge mca cmov pat pse36 clflush dts acpi mmx fxsr sse sse2 ss ht tm pbe syscall nx rdtscp lm constant_tsc arch_perfmon pebs bts rep_good nopl xtopology nonstop_tsc aperfmperf eagerfpu pni pclmulqdq dtes64 monitor ds_cpl vmx est tm2 ssse3 cx16 xtpr pdcm pcid sse4_1 sse4_2 x2apic popcnt tsc_deadline_timer aes xsave avx f16c rdrand lahf_lm ida arat epb pln pts dtherm tpr_shadow vnmi flexpriority ept vpid fsgsbase smep erms xsaveopt
bugs		:
bogomips	: 3591.54
clflush size	: 64
cache_alignment	: 64
address sizes	: 36 bits physical, 48 bits virtual
power management:

processor	: 2
vendor_id	: GenuineIntel
cpu family	: 6
model		: 58
model name	: Intel(R) Core(TM) i5-3337U CPU @ 1.80GHz
stepping	: 9
microcode	: 0x17
cpu MHz		: 2499.890
cache size	: 3072 KB
physical id	: 0
siblings	: 4
core id		: 1
cpu cores	: 2
apicid		: 2
initial apicid	: 2
fpu		: yes
fpu_exception	: yes
cpuid level	: 13
wp		: yes
flags		: fpu vme de pse tsc msr pae mce cx8 apic sep mtrr pge mca cmov pat pse36 clflush dts acpi mmx fxsr sse sse2 ss ht tm pbe syscall nx rdtscp lm constant_tsc arch_perfmon pebs bts rep_good nopl xtopology nonstop_tsc aperfmperf eagerfpu pni pclmulqdq dtes64 monitor ds_cpl vmx est tm2 ssse3 cx16 xtpr pdcm pcid sse4_1 sse4_2 x2apic popcnt tsc_deadline_timer aes xsave avx f16c rdrand lahf_lm ida arat epb pln pts dtherm tpr_shadow vnmi flexpriority ept vpid fsgsbase smep erms xsaveopt
bugs		:
bogomips	: 3591.54
clflush size	: 64
cache_alignment	: 64
address sizes	: 36 bits physical, 48 bits virtual
power management:

processor	: 3
vendor_id	: GenuineIntel
cpu family	: 6
model		: 58
model name	: Intel(R) Core(TM) i5-3337U CPU @ 1.80GHz
stepping	: 9
microcode	: 0x17
cpu MHz		: 2500.031
cache size	: 3072 KB
physical id	: 0
siblings	: 4
core id		: 1
cpu cores	: 2
apicid		: 3
initial apicid	: 3
fpu		: yes
fpu_exception	: yes
cpuid level	: 13
wp		: yes
flags		: fpu vme de pse tsc msr pae mce cx8 apic sep mtrr pge mca cmov pat pse36 clflush dts acpi mmx fxsr sse sse2 ss ht tm pbe syscall nx rdtscp lm constant_tsc arch_perfmon pebs bts rep_good nopl xtopology nonstop_tsc aperfmperf eagerfpu pni pclmulqdq dtes64 monitor ds_cpl vmx est tm2 ssse3 cx16 xtpr pdcm pcid sse4_1 sse4_2 x2apic popcnt tsc_deadline_timer aes xsave avx f16c rdrand lahf_lm ida arat epb pln pts dtherm tpr_shadow vnmi flexpriority ept vpid fsgsbase smep erms xsaveopt
bugs		:
bogomips	: 3591.54
clflush size	: 64
cache_alignment	: 64
address sizes	: 36 bits physical, 48 bits virtual
power management:



Memory: 4k page, physical 8054084k(177872k free), swap 7906300k(5987996k free)

vm_info: OpenJDK 64-Bit Server VM (24.95-b01) for linux-amd64 JRE (1.7.0_101-b00), built on Apr 24 2016 20:39:29 by "buildd" with gcc 4.8.2

time: Tue Jun 28 15:26:23 2016
elapsed time: 127 seconds

